<?xml version="1.0" encoding="UTF-8"?>
<robot generator="Robot 7.4.1 (Python 3.13.3 on win32)" generated="2026-01-02T15:37:24.746077" rpa="false" schemaversion="5">
<suite id="s1" name="Registration" source="C:\Test01\Lab04_663380404-9\TestAutomationLab\tests\registration.robot">
<test id="s1-t1" name="UAT-Lab04-001 Register Success" line="6">
<kw name="Open Registration Page" owner="resource">
<kw name="Open Browser" owner="SeleniumLibrary">
<msg time="2026-01-02T15:37:24.985763" level="FAIL">Variable '${BROWSER}' not found.</msg>
<arg>${URL}</arg>
<arg>${BROWSER}</arg>
<doc>Opens a new browser instance to the optional ``url``.</doc>
<status status="FAIL" start="2026-01-02T15:37:24.985363" elapsed="0.000442">Variable '${BROWSER}' not found.</status>
</kw>
<kw name="Maximize Browser Window" owner="SeleniumLibrary">
<doc>Maximizes current browser window.</doc>
<status status="NOT RUN" start="2026-01-02T15:37:24.985917" elapsed="0.000157"/>
</kw>
<status status="FAIL" start="2026-01-02T15:37:24.984839" elapsed="0.001325">Variable '${BROWSER}' not found.</status>
</kw>
<kw name="Input Registration Data" owner="resource">
<arg>Somyod</arg>
<arg>Sodsai</arg>
<arg>CS KKU</arg>
<arg>somyod@kkumail.com</arg>
<arg>091-001-1234</arg>
<status status="NOT RUN" start="2026-01-02T15:37:24.986537" elapsed="0.000035"/>
</kw>
<kw name="Submit Registration" owner="resource">
<status status="NOT RUN" start="2026-01-02T15:37:24.986797" elapsed="0.000028"/>
</kw>
<kw name="Title Should Be" owner="SeleniumLibrary">
<arg>Success</arg>
<doc>Verifies that the current page title equals ``title``.</doc>
<status status="NOT RUN" start="2026-01-02T15:37:24.986944" elapsed="0.000021"/>
</kw>
<kw name="Page Should Contain" owner="SeleniumLibrary">
<arg>Thank you for registering with us.</arg>
<doc>Verifies that current page contains ``text``.</doc>
<status status="NOT RUN" start="2026-01-02T15:37:24.987124" elapsed="0.000018"/>
</kw>
<kw name="Page Should Contain" owner="SeleniumLibrary">
<arg>We will send a confirmation to your email soon.</arg>
<doc>Verifies that current page contains ``text``.</doc>
<status status="NOT RUN" start="2026-01-02T15:37:24.987279" elapsed="0.000018"/>
</kw>
<kw name="Close Browser" owner="resource" type="TEARDOWN">
<kw name="Close Browser" owner="resource">
<kw name="Close Browser" owner="resource">
<kw name="Close Browser" owner="resource">
<kw name="Close Browser" owner="resource">
<kw name="Close Browser" owner="resource">
<kw name="Close Browser" owner="resource">
<kw name="Close Browser" owner="resource">
<kw name="Close Browser" owner="resource">
<kw name="Close Browser" owner="resource">
<kw name="Close Browser" owner="resource">
<kw name="Close Browser" owner="resource">
<kw name="Close Browser" owner="resource">
<kw name="Close Browser" owner="resource">
<kw name="Close Browser" owner="resource">
<kw name="Close Browser" owner="resource">
<kw name="Close Browser" owner="resource">
<kw name="Close Browser" owner="resource">
<kw name="Close Browser" owner="resource">
<kw name="Close Browser" owner="resource">
<kw name="Close Browser" owner="resource">
<kw name="Close Browser" owner="resource">
<kw name="Close Browser" owner="resource">
<kw name="Close Browser" owner="resource">
<kw name="Close Browser" owner="resource">
<kw name="Close Browser" owner="resource">
<kw name="Close Browser" owner="resource">
<kw name="Close Browser" owner="resource">
<kw name="Close Browser" owner="resource">
<kw name="Close Browser" owner="resource">
<kw name="Close Browser" owner="resource">
<kw name="Close Browser" owner="resource">
<kw name="Close Browser" owner="resource">
<kw name="Close Browser" owner="resource">
<kw name="Close Browser" owner="resource">
<kw name="Close Browser" owner="resource">
<kw name="Close Browser" owner="resource">
<kw name="Close Browser" owner="resource">
<kw name="Close Browser" owner="resource">
<kw name="Close Browser" owner="resource">
<kw name="Close Browser" owner="resource">
<kw name="Close Browser" owner="resource">
<kw name="Close Browser" owner="resource">
<kw name="Close Browser" owner="resource">
<kw name="Close Browser" owner="resource">
<kw name="Close Browser" owner="resource">
<kw name="Close Browser" owner="resource">
<kw name="Close Browser" owner="resource">
<kw name="Close Browser" owner="resource">
<kw name="Close Browser" owner="resource">
<kw name="Close Browser" owner="resource">
<kw name="Close Browser" owner="resource">
<kw name="Close Browser" owner="resource">
<kw name="Close Browser" owner="resource">
<kw name="Close Browser" owner="resource">
<kw name="Close Browser" owner="resource">
<kw name="Close Browser" owner="resource">
<kw name="Close Browser" owner="resource">
<kw name="Close Browser" owner="resource">
<kw name="Close Browser" owner="resource">
<kw name="Close Browser" owner="resource">
<kw name="Close Browser" owner="resource">
<kw name="Close Browser" owner="resource">
<kw name="Close Browser" owner="resource">
<kw name="Close Browser" owner="resource">
<kw name="Close Browser" owner="resource">
<kw name="Close Browser" owner="resource">
<kw name="Close Browser" owner="resource">
<kw name="Close Browser" owner="resource">
<kw name="Close Browser" owner="resource">
<kw name="Close Browser" owner="resource">
<kw name="Close Browser" owner="resource">
<kw name="Close Browser" owner="resource">
<kw name="Close Browser" owner="resource">
<kw name="Close Browser" owner="resource">
<kw name="Close Browser" owner="resource">
<kw name="Close Browser" owner="resource">
<kw name="Close Browser" owner="resource">
<kw name="Close Browser" owner="resource">
<kw name="Close Browser" owner="resource">
<kw name="Close Browser" owner="resource">
<kw name="Close Browser" owner="resource">
<kw name="Close Browser" owner="resource">
<kw name="Close Browser" owner="resource">
<kw name="Close Browser" owner="resource">
<kw name="Close Browser" owner="resource">
<kw name="Close Browser" owner="resource">
<kw name="Close Browser" owner="resource">
<kw name="Close Browser" owner="resource">
<kw name="Close Browser" owner="resource">
<kw name="Close Browser" owner="resource">
<kw name="Close Browser" owner="resource">
<kw name="Close Browser" owner="resource">
<kw name="Close Browser" owner="resource">
<kw name="Close Browser" owner="resource">
<kw name="Close Browser" owner="resource">
<kw name="Close Browser" owner="resource">
<kw name="Close Browser" owner="resource">
<kw name="Close Browser" owner="resource">
<kw name="Close Browser" owner="resource">
<kw name="Close Browser" owner="resource">
<kw name="Close Browser" owner="resource">
<kw name="Close Browser" owner="resource">
<kw name="Close Browser" owner="resource">
<kw name="Close Browser" owner="resource">
<kw name="Close Browser" owner="resource">
<kw name="Close Browser" owner="resource">
<kw name="Close Browser" owner="resource">
<kw name="Close Browser" owner="resource">
<kw name="Close Browser" owner="resource">
<kw name="Close Browser" owner="resource">
<kw name="Close Browser" owner="resource">
<kw name="Close Browser" owner="resource">
<kw name="Close Browser" owner="resource">
<kw name="Close Browser" owner="resource">
<kw name="Close Browser" owner="resource">
<kw name="Close Browser" owner="resource">
<kw name="Close Browser" owner="resource">
<kw name="Close Browser" owner="resource">
<kw name="Close Browser" owner="resource">
<kw name="Close Browser" owner="resource">
<kw name="Close Browser" owner="resource">
<kw name="Close Browser" owner="resource">
<kw name="Close Browser" owner="resource">
<kw name="Close Browser" owner="resource">
<kw name="Close Browser" owner="resource">
<kw name="Close Browser" owner="resource">
<kw name="Close Browser" owner="resource">
<kw name="Close Browser" owner="resource">
<kw name="Close Browser" owner="resource">
<kw name="Close Browser" owner="resource">
<kw name="Close Browser" owner="resource">
<kw name="Close Browser" owner="resource">
<kw name="Close Browser" owner="resource">
<kw name="Close Browser" owner="resource">
<kw name="Close Browser" owner="resource">
<kw name="Close Browser" owner="resource">
<kw name="Close Browser" owner="resource">
<kw name="Close Browser" owner="resource">
<kw name="Close Browser" owner="resource">
<kw name="Close Browser" owner="resource">
<kw name="Close Browser" owner="resource">
<kw name="Close Browser" owner="resource">
<kw name="Close Browser" owner="resource">
<kw name="Close Browser" owner="resource">
<kw name="Close Browser" owner="resource">
<kw name="Close Browser" owner="resource">
<msg time="2026-01-02T15:37:25.012118" level="FAIL">Recursive execution stopped.</msg>
<status status="FAIL" start="2026-01-02T15:37:25.011861" elapsed="0.000291">Recursive execution stopped.</status>
</kw>
<status status="FAIL" start="2026-01-02T15:37:25.011730" elapsed="0.000634">Recursive execution stopped.</status>
</kw>
<status status="FAIL" start="2026-01-02T15:37:25.011523" elapsed="0.001013">Recursive execution stopped.</status>
</kw>
<status status="FAIL" start="2026-01-02T15:37:25.011399" elapsed="0.001303">Recursive execution stopped.</status>
</kw>
<status status="FAIL" start="2026-01-02T15:37:25.011269" elapsed="0.001600">Recursive execution stopped.</status>
</kw>
<status status="FAIL" start="2026-01-02T15:37:25.011029" elapsed="0.002045">Recursive execution stopped.</status>
</kw>
<status status="FAIL" start="2026-01-02T15:37:25.010774" elapsed="0.002471">Recursive execution stopped.</status>
</kw>
<status status="FAIL" start="2026-01-02T15:37:25.010650" elapsed="0.002788">Recursive execution stopped.</status>
</kw>
<status status="FAIL" start="2026-01-02T15:37:25.010525" elapsed="0.003076">Recursive execution stopped.</status>
</kw>
<status status="FAIL" start="2026-01-02T15:37:25.010397" elapsed="0.003364">Recursive execution stopped.</status>
</kw>
<status status="FAIL" start="2026-01-02T15:37:25.010261" elapsed="0.003658">Recursive execution stopped.</status>
</kw>
<status status="FAIL" start="2026-01-02T15:37:25.010109" elapsed="0.003966">Recursive execution stopped.</status>
</kw>
<status status="FAIL" start="2026-01-02T15:37:25.009760" elapsed="0.004476">Recursive execution stopped.</status>
</kw>
<status status="FAIL" start="2026-01-02T15:37:25.009619" elapsed="0.004772">Recursive execution stopped.</status>
</kw>
<status status="FAIL" start="2026-01-02T15:37:25.009466" elapsed="0.005079">Recursive execution stopped.</status>
</kw>
<status status="FAIL" start="2026-01-02T15:37:25.009334" elapsed="0.005365">Recursive execution stopped.</status>
</kw>
<status status="FAIL" start="2026-01-02T15:37:25.009197" elapsed="0.005655">Recursive execution stopped.</status>
</kw>
<status status="FAIL" start="2026-01-02T15:37:25.009069" elapsed="0.005936">Recursive execution stopped.</status>
</kw>
<status status="FAIL" start="2026-01-02T15:37:25.008939" elapsed="0.006216">Recursive execution stopped.</status>
</kw>
<status status="FAIL" start="2026-01-02T15:37:25.008780" elapsed="0.006565">Recursive execution stopped.</status>
</kw>
<status status="FAIL" start="2026-01-02T15:37:25.008461" elapsed="0.007044">Recursive execution stopped.</status>
</kw>
<status status="FAIL" start="2026-01-02T15:37:25.008313" elapsed="0.007377">Recursive execution stopped.</status>
</kw>
<status status="FAIL" start="2026-01-02T15:37:25.008180" elapsed="0.007659">Recursive execution stopped.</status>
</kw>
<status status="FAIL" start="2026-01-02T15:37:25.008054" elapsed="0.007934">Recursive execution stopped.</status>
</kw>
<status status="FAIL" start="2026-01-02T15:37:25.007919" elapsed="0.008217">Recursive execution stopped.</status>
</kw>
<status status="FAIL" start="2026-01-02T15:37:25.007784" elapsed="0.008509">Recursive execution stopped.</status>
</kw>
<status status="FAIL" start="2026-01-02T15:37:25.007655" elapsed="0.008787">Recursive execution stopped.</status>
</kw>
<status status="FAIL" start="2026-01-02T15:37:25.007512" elapsed="0.009084">Recursive execution stopped.</status>
</kw>
<status status="FAIL" start="2026-01-02T15:37:25.007327" elapsed="0.009418">Recursive execution stopped.</status>
</kw>
<status status="FAIL" start="2026-01-02T15:37:25.007152" elapsed="0.009745">Recursive execution stopped.</status>
</kw>
<status status="FAIL" start="2026-01-02T15:37:25.007004" elapsed="0.010041">Recursive execution stopped.</status>
</kw>
<status status="FAIL" start="2026-01-02T15:37:25.006870" elapsed="0.010330">Recursive execution stopped.</status>
</kw>
<status status="FAIL" start="2026-01-02T15:37:25.006734" elapsed="0.010843">Recursive execution stopped.</status>
</kw>
<status status="FAIL" start="2026-01-02T15:37:25.006604" elapsed="0.011255">Recursive execution stopped.</status>
</kw>
<status status="FAIL" start="2026-01-02T15:37:25.006327" elapsed="0.013027">Recursive execution stopped.</status>
</kw>
<status status="FAIL" start="2026-01-02T15:37:25.006118" elapsed="0.013464">Recursive execution stopped.</status>
</kw>
<status status="FAIL" start="2026-01-02T15:37:25.005986" elapsed="0.013760">Recursive execution stopped.</status>
</kw>
<status status="FAIL" start="2026-01-02T15:37:25.005850" elapsed="0.014041">Recursive execution stopped.</status>
</kw>
<status status="FAIL" start="2026-01-02T15:37:25.005631" elapsed="0.014409">Recursive execution stopped.</status>
</kw>
<status status="FAIL" start="2026-01-02T15:37:25.005496" elapsed="0.014689">Recursive execution stopped.</status>
</kw>
<status status="FAIL" start="2026-01-02T15:37:25.005366" elapsed="0.014970">Recursive execution stopped.</status>
</kw>
<status status="FAIL" start="2026-01-02T15:37:25.005217" elapsed="0.015261">Recursive execution stopped.</status>
</kw>
<status status="FAIL" start="2026-01-02T15:37:25.005085" elapsed="0.015537">Recursive execution stopped.</status>
</kw>
<status status="FAIL" start="2026-01-02T15:37:25.004957" elapsed="0.015816">Recursive execution stopped.</status>
</kw>
<status status="FAIL" start="2026-01-02T15:37:25.004826" elapsed="0.016092">Recursive execution stopped.</status>
</kw>
<status status="FAIL" start="2026-01-02T15:37:25.004695" elapsed="0.016363">Recursive execution stopped.</status>
</kw>
<status status="FAIL" start="2026-01-02T15:37:25.004536" elapsed="0.016659">Recursive execution stopped.</status>
</kw>
<status status="FAIL" start="2026-01-02T15:37:25.004398" elapsed="0.016934">Recursive execution stopped.</status>
</kw>
<status status="FAIL" start="2026-01-02T15:37:25.004210" elapsed="0.019121">Recursive execution stopped.</status>
</kw>
<status status="FAIL" start="2026-01-02T15:37:25.003939" elapsed="0.019551">Recursive execution stopped.</status>
</kw>
<status status="FAIL" start="2026-01-02T15:37:25.003811" elapsed="0.019828">Recursive execution stopped.</status>
</kw>
<status status="FAIL" start="2026-01-02T15:37:25.003680" elapsed="0.020132">Recursive execution stopped.</status>
</kw>
<status status="FAIL" start="2026-01-02T15:37:25.003543" elapsed="0.020404">Recursive execution stopped.</status>
</kw>
<status status="FAIL" start="2026-01-02T15:37:25.003407" elapsed="0.020687">Recursive execution stopped.</status>
</kw>
<status status="FAIL" start="2026-01-02T15:37:25.003272" elapsed="0.020959">Recursive execution stopped.</status>
</kw>
<status status="FAIL" start="2026-01-02T15:37:25.003136" elapsed="0.021233">Recursive execution stopped.</status>
</kw>
<status status="FAIL" start="2026-01-02T15:37:25.003000" elapsed="0.021540">Recursive execution stopped.</status>
</kw>
<status status="FAIL" start="2026-01-02T15:37:25.002862" elapsed="0.021841">Recursive execution stopped.</status>
</kw>
<status status="FAIL" start="2026-01-02T15:37:25.002716" elapsed="0.022178">Recursive execution stopped.</status>
</kw>
<status status="FAIL" start="2026-01-02T15:37:25.002575" elapsed="0.022467">Recursive execution stopped.</status>
</kw>
<status status="FAIL" start="2026-01-02T15:37:25.002379" elapsed="0.022804">Recursive execution stopped.</status>
</kw>
<status status="FAIL" start="2026-01-02T15:37:25.002156" elapsed="0.023203">Recursive execution stopped.</status>
</kw>
<status status="FAIL" start="2026-01-02T15:37:25.001987" elapsed="0.023599">Recursive execution stopped.</status>
</kw>
<status status="FAIL" start="2026-01-02T15:37:25.001651" elapsed="0.024305">Recursive execution stopped.</status>
</kw>
<status status="FAIL" start="2026-01-02T15:37:25.001506" elapsed="0.024621">Recursive execution stopped.</status>
</kw>
<status status="FAIL" start="2026-01-02T15:37:25.001378" elapsed="0.024893">Recursive execution stopped.</status>
</kw>
<status status="FAIL" start="2026-01-02T15:37:25.001192" elapsed="0.025227">Recursive execution stopped.</status>
</kw>
<status status="FAIL" start="2026-01-02T15:37:25.001065" elapsed="0.025487">Recursive execution stopped.</status>
</kw>
<status status="FAIL" start="2026-01-02T15:37:25.000940" elapsed="0.025776">Recursive execution stopped.</status>
</kw>
<status status="FAIL" start="2026-01-02T15:37:25.000820" elapsed="0.026024">Recursive execution stopped.</status>
</kw>
<status status="FAIL" start="2026-01-02T15:37:25.000696" elapsed="0.026281">Recursive execution stopped.</status>
</kw>
<status status="FAIL" start="2026-01-02T15:37:25.000574" elapsed="0.026527">Recursive execution stopped.</status>
</kw>
<status status="FAIL" start="2026-01-02T15:37:25.000449" elapsed="0.026775">Recursive execution stopped.</status>
</kw>
<status status="FAIL" start="2026-01-02T15:37:25.000314" elapsed="0.027034">Recursive execution stopped.</status>
</kw>
<status status="FAIL" start="2026-01-02T15:37:25.000095" elapsed="0.027375">Recursive execution stopped.</status>
</kw>
<status status="FAIL" start="2026-01-02T15:37:24.999972" elapsed="0.027618">Recursive execution stopped.</status>
</kw>
<status status="FAIL" start="2026-01-02T15:37:24.999848" elapsed="0.027859">Recursive execution stopped.</status>
</kw>
<status status="FAIL" start="2026-01-02T15:37:24.999617" elapsed="0.028255">Recursive execution stopped.</status>
</kw>
<status status="FAIL" start="2026-01-02T15:37:24.999370" elapsed="0.028624">Recursive execution stopped.</status>
</kw>
<status status="FAIL" start="2026-01-02T15:37:24.999246" elapsed="0.028895">Recursive execution stopped.</status>
</kw>
<status status="FAIL" start="2026-01-02T15:37:24.999114" elapsed="0.029141">Recursive execution stopped.</status>
</kw>
<status status="FAIL" start="2026-01-02T15:37:24.998991" elapsed="0.029379">Recursive execution stopped.</status>
</kw>
<status status="FAIL" start="2026-01-02T15:37:24.998861" elapsed="0.029623">Recursive execution stopped.</status>
</kw>
<status status="FAIL" start="2026-01-02T15:37:24.998736" elapsed="0.029873">Recursive execution stopped.</status>
</kw>
<status status="FAIL" start="2026-01-02T15:37:24.998613" elapsed="0.030112">Recursive execution stopped.</status>
</kw>
<status status="FAIL" start="2026-01-02T15:37:24.998493" elapsed="0.030342">Recursive execution stopped.</status>
</kw>
<status status="FAIL" start="2026-01-02T15:37:24.998370" elapsed="0.030580">Recursive execution stopped.</status>
</kw>
<status status="FAIL" start="2026-01-02T15:37:24.998249" elapsed="0.030809">Recursive execution stopped.</status>
</kw>
<status status="FAIL" start="2026-01-02T15:37:24.998124" elapsed="0.031041">Recursive execution stopped.</status>
</kw>
<status status="FAIL" start="2026-01-02T15:37:24.998003" elapsed="0.031267">Recursive execution stopped.</status>
</kw>
<status status="FAIL" start="2026-01-02T15:37:24.997873" elapsed="0.031504">Recursive execution stopped.</status>
</kw>
<status status="FAIL" start="2026-01-02T15:37:24.997713" elapsed="0.031812">Recursive execution stopped.</status>
</kw>
<status status="FAIL" start="2026-01-02T15:37:24.997401" elapsed="0.032234">Recursive execution stopped.</status>
</kw>
<status status="FAIL" start="2026-01-02T15:37:24.997263" elapsed="0.032515">Recursive execution stopped.</status>
</kw>
<status status="FAIL" start="2026-01-02T15:37:24.997137" elapsed="0.032743">Recursive execution stopped.</status>
</kw>
<status status="FAIL" start="2026-01-02T15:37:24.997015" elapsed="0.032966">Recursive execution stopped.</status>
</kw>
<status status="FAIL" start="2026-01-02T15:37:24.996890" elapsed="0.033192">Recursive execution stopped.</status>
</kw>
<status status="FAIL" start="2026-01-02T15:37:24.996768" elapsed="0.033414">Recursive execution stopped.</status>
</kw>
<status status="FAIL" start="2026-01-02T15:37:24.996645" elapsed="0.033635">Recursive execution stopped.</status>
</kw>
<status status="FAIL" start="2026-01-02T15:37:24.996524" elapsed="0.033856">Recursive execution stopped.</status>
</kw>
<status status="FAIL" start="2026-01-02T15:37:24.996400" elapsed="0.034077">Recursive execution stopped.</status>
</kw>
<status status="FAIL" start="2026-01-02T15:37:24.996278" elapsed="0.034295">Recursive execution stopped.</status>
</kw>
<status status="FAIL" start="2026-01-02T15:37:24.996148" elapsed="0.034518">Recursive execution stopped.</status>
</kw>
<status status="FAIL" start="2026-01-02T15:37:24.996025" elapsed="0.034735">Recursive execution stopped.</status>
</kw>
<status status="FAIL" start="2026-01-02T15:37:24.995894" elapsed="0.034959">Recursive execution stopped.</status>
</kw>
<status status="FAIL" start="2026-01-02T15:37:24.995761" elapsed="0.035191">Recursive execution stopped.</status>
</kw>
<status status="FAIL" start="2026-01-02T15:37:24.995492" elapsed="0.036107">Recursive execution stopped.</status>
</kw>
<status status="FAIL" start="2026-01-02T15:37:24.995285" elapsed="0.036435">Recursive execution stopped.</status>
</kw>
<status status="FAIL" start="2026-01-02T15:37:24.995141" elapsed="0.036687">Recursive execution stopped.</status>
</kw>
<status status="FAIL" start="2026-01-02T15:37:24.994998" elapsed="0.036921">Recursive execution stopped.</status>
</kw>
<status status="FAIL" start="2026-01-02T15:37:24.994815" elapsed="0.037193">Recursive execution stopped.</status>
</kw>
<status status="FAIL" start="2026-01-02T15:37:24.992552" elapsed="0.039543">Recursive execution stopped.</status>
</kw>
<status status="FAIL" start="2026-01-02T15:37:24.992414" elapsed="0.039766">Recursive execution stopped.</status>
</kw>
<status status="FAIL" start="2026-01-02T15:37:24.992277" elapsed="0.039993">Recursive execution stopped.</status>
</kw>
<status status="FAIL" start="2026-01-02T15:37:24.992133" elapsed="0.040224">Recursive execution stopped.</status>
</kw>
<status status="FAIL" start="2026-01-02T15:37:24.992000" elapsed="0.040442">Recursive execution stopped.</status>
</kw>
<status status="FAIL" start="2026-01-02T15:37:24.991863" elapsed="0.040665">Recursive execution stopped.</status>
</kw>
<status status="FAIL" start="2026-01-02T15:37:24.991731" elapsed="0.040879">Recursive execution stopped.</status>
</kw>
<status status="FAIL" start="2026-01-02T15:37:24.991606" elapsed="0.041086">Recursive execution stopped.</status>
</kw>
<status status="FAIL" start="2026-01-02T15:37:24.991482" elapsed="0.041294">Recursive execution stopped.</status>
</kw>
<status status="FAIL" start="2026-01-02T15:37:24.991285" elapsed="0.042246">Recursive execution stopped.</status>
</kw>
<status status="FAIL" start="2026-01-02T15:37:24.990952" elapsed="0.042702">Recursive execution stopped.</status>
</kw>
<status status="FAIL" start="2026-01-02T15:37:24.990826" elapsed="0.042924">Recursive execution stopped.</status>
</kw>
<status status="FAIL" start="2026-01-02T15:37:24.990702" elapsed="0.043127">Recursive execution stopped.</status>
</kw>
<status status="FAIL" start="2026-01-02T15:37:24.990576" elapsed="0.043329">Recursive execution stopped.</status>
</kw>
<status status="FAIL" start="2026-01-02T15:37:24.990454" elapsed="0.043529">Recursive execution stopped.</status>
</kw>
<status status="FAIL" start="2026-01-02T15:37:24.990333" elapsed="0.043729">Recursive execution stopped.</status>
</kw>
<status status="FAIL" start="2026-01-02T15:37:24.990208" elapsed="0.043926">Recursive execution stopped.</status>
</kw>
<status status="FAIL" start="2026-01-02T15:37:24.990086" elapsed="0.044121">Recursive execution stopped.</status>
</kw>
<status status="FAIL" start="2026-01-02T15:37:24.989962" elapsed="0.044319">Recursive execution stopped.</status>
</kw>
<status status="FAIL" start="2026-01-02T15:37:24.989837" elapsed="0.044635">Recursive execution stopped.</status>
</kw>
<status status="FAIL" start="2026-01-02T15:37:24.989712" elapsed="0.044839">Recursive execution stopped.</status>
</kw>
<status status="FAIL" start="2026-01-02T15:37:24.989584" elapsed="0.045038">Recursive execution stopped.</status>
</kw>
<status status="FAIL" start="2026-01-02T15:37:24.989460" elapsed="0.045235">Recursive execution stopped.</status>
</kw>
<status status="FAIL" start="2026-01-02T15:37:24.989314" elapsed="0.045468">Recursive execution stopped.</status>
</kw>
<status status="FAIL" start="2026-01-02T15:37:24.989051" elapsed="0.045834">Recursive execution stopped.</status>
</kw>
<status status="FAIL" start="2026-01-02T15:37:24.988872" elapsed="0.046120">Recursive execution stopped.</status>
</kw>
<status status="FAIL" start="2026-01-02T15:37:24.988748" elapsed="0.046318">Recursive execution stopped.</status>
</kw>
<status status="FAIL" start="2026-01-02T15:37:24.988622" elapsed="0.046514">Recursive execution stopped.</status>
</kw>
<status status="FAIL" start="2026-01-02T15:37:24.988498" elapsed="0.046705">Recursive execution stopped.</status>
</kw>
<status status="FAIL" start="2026-01-02T15:37:24.988372" elapsed="0.046894">Recursive execution stopped.</status>
</kw>
<status status="FAIL" start="2026-01-02T15:37:24.988241" elapsed="0.047089">Recursive execution stopped.</status>
</kw>
<status status="FAIL" start="2026-01-02T15:37:24.988105" elapsed="0.047288">Recursive execution stopped.</status>
</kw>
<status status="FAIL" start="2026-01-02T15:37:24.987974" elapsed="0.047484">Recursive execution stopped.</status>
</kw>
<status status="FAIL" start="2026-01-02T15:37:24.987838" elapsed="0.047680">Recursive execution stopped.</status>
</kw>
<status status="FAIL" start="2026-01-02T15:37:24.987699" elapsed="0.047878">Recursive execution stopped.</status>
</kw>
<status status="FAIL" start="2026-01-02T15:37:24.987529" elapsed="0.048108">Recursive execution stopped.</status>
</kw>
<status status="FAIL" start="2026-01-02T15:37:24.984208" elapsed="0.051653">Variable '${BROWSER}' not found.

Also teardown failed:
Recursive execution stopped.</status>
</test>
<test id="s1-t2" name="UAT-Lab04-001-02 Register Success Without Organization" line="15">
<kw name="Open Registration Page" owner="resource">
<kw name="Open Browser" owner="SeleniumLibrary">
<msg time="2026-01-02T15:37:25.037239" level="FAIL">Variable '${BROWSER}' not found.</msg>
<arg>${URL}</arg>
<arg>${BROWSER}</arg>
<doc>Opens a new browser instance to the optional ``url``.</doc>
<status status="FAIL" start="2026-01-02T15:37:25.036866" elapsed="0.000423">Variable '${BROWSER}' not found.</status>
</kw>
<kw name="Maximize Browser Window" owner="SeleniumLibrary">
<doc>Maximizes current browser window.</doc>
<status status="NOT RUN" start="2026-01-02T15:37:25.037385" elapsed="0.000021"/>
</kw>
<status status="FAIL" start="2026-01-02T15:37:25.036662" elapsed="0.000808">Variable '${BROWSER}' not found.</status>
</kw>
<kw name="Input Registration Data" owner="resource">
<arg>Somyod</arg>
<arg>Sodsai</arg>
<arg>${EMPTY}</arg>
<arg>somyod@kkumail.com</arg>
<arg>091-001-1234</arg>
<status status="NOT RUN" start="2026-01-02T15:37:25.037655" elapsed="0.000024"/>
</kw>
<kw name="Submit Registration" owner="resource">
<status status="NOT RUN" start="2026-01-02T15:37:25.037840" elapsed="0.000020"/>
</kw>
<kw name="Title Should Be" owner="SeleniumLibrary">
<arg>Success</arg>
<doc>Verifies that the current page title equals ``title``.</doc>
<status status="NOT RUN" start="2026-01-02T15:37:25.037982" elapsed="0.000031"/>
</kw>
<kw name="Close Browser" owner="resource" type="TEARDOWN">
<kw name="Close Browser" owner="resource">
<kw name="Close Browser" owner="resource">
<kw name="Close Browser" owner="resource">
<kw name="Close Browser" owner="resource">
<kw name="Close Browser" owner="resource">
<kw name="Close Browser" owner="resource">
<kw name="Close Browser" owner="resource">
<kw name="Close Browser" owner="resource">
<kw name="Close Browser" owner="resource">
<kw name="Close Browser" owner="resource">
<kw name="Close Browser" owner="resource">
<kw name="Close Browser" owner="resource">
<kw name="Close Browser" owner="resource">
<kw name="Close Browser" owner="resource">
<kw name="Close Browser" owner="resource">
<kw name="Close Browser" owner="resource">
<kw name="Close Browser" owner="resource">
<kw name="Close Browser" owner="resource">
<kw name="Close Browser" owner="resource">
<kw name="Close Browser" owner="resource">
<kw name="Close Browser" owner="resource">
<kw name="Close Browser" owner="resource">
<kw name="Close Browser" owner="resource">
<kw name="Close Browser" owner="resource">
<kw name="Close Browser" owner="resource">
<kw name="Close Browser" owner="resource">
<kw name="Close Browser" owner="resource">
<kw name="Close Browser" owner="resource">
<kw name="Close Browser" owner="resource">
<kw name="Close Browser" owner="resource">
<kw name="Close Browser" owner="resource">
<kw name="Close Browser" owner="resource">
<kw name="Close Browser" owner="resource">
<kw name="Close Browser" owner="resource">
<kw name="Close Browser" owner="resource">
<kw name="Close Browser" owner="resource">
<kw name="Close Browser" owner="resource">
<kw name="Close Browser" owner="resource">
<kw name="Close Browser" owner="resource">
<kw name="Close Browser" owner="resource">
<kw name="Close Browser" owner="resource">
<kw name="Close Browser" owner="resource">
<kw name="Close Browser" owner="resource">
<kw name="Close Browser" owner="resource">
<kw name="Close Browser" owner="resource">
<kw name="Close Browser" owner="resource">
<kw name="Close Browser" owner="resource">
<kw name="Close Browser" owner="resource">
<kw name="Close Browser" owner="resource">
<kw name="Close Browser" owner="resource">
<kw name="Close Browser" owner="resource">
<kw name="Close Browser" owner="resource">
<kw name="Close Browser" owner="resource">
<kw name="Close Browser" owner="resource">
<kw name="Close Browser" owner="resource">
<kw name="Close Browser" owner="resource">
<kw name="Close Browser" owner="resource">
<kw name="Close Browser" owner="resource">
<kw name="Close Browser" owner="resource">
<kw name="Close Browser" owner="resource">
<kw name="Close Browser" owner="resource">
<kw name="Close Browser" owner="resource">
<kw name="Close Browser" owner="resource">
<kw name="Close Browser" owner="resource">
<kw name="Close Browser" owner="resource">
<kw name="Close Browser" owner="resource">
<kw name="Close Browser" owner="resource">
<kw name="Close Browser" owner="resource">
<kw name="Close Browser" owner="resource">
<kw name="Close Browser" owner="resource">
<kw name="Close Browser" owner="resource">
<kw name="Close Browser" owner="resource">
<kw name="Close Browser" owner="resource">
<kw name="Close Browser" owner="resource">
<kw name="Close Browser" owner="resource">
<kw name="Close Browser" owner="resource">
<kw name="Close Browser" owner="resource">
<kw name="Close Browser" owner="resource">
<kw name="Close Browser" owner="resource">
<kw name="Close Browser" owner="resource">
<kw name="Close Browser" owner="resource">
<kw name="Close Browser" owner="resource">
<kw name="Close Browser" owner="resource">
<kw name="Close Browser" owner="resource">
<kw name="Close Browser" owner="resource">
<kw name="Close Browser" owner="resource">
<kw name="Close Browser" owner="resource">
<kw name="Close Browser" owner="resource">
<kw name="Close Browser" owner="resource">
<kw name="Close Browser" owner="resource">
<kw name="Close Browser" owner="resource">
<kw name="Close Browser" owner="resource">
<kw name="Close Browser" owner="resource">
<kw name="Close Browser" owner="resource">
<kw name="Close Browser" owner="resource">
<kw name="Close Browser" owner="resource">
<kw name="Close Browser" owner="resource">
<kw name="Close Browser" owner="resource">
<kw name="Close Browser" owner="resource">
<kw name="Close Browser" owner="resource">
<kw name="Close Browser" owner="resource">
<kw name="Close Browser" owner="resource">
<kw name="Close Browser" owner="resource">
<kw name="Close Browser" owner="resource">
<kw name="Close Browser" owner="resource">
<kw name="Close Browser" owner="resource">
<kw name="Close Browser" owner="resource">
<kw name="Close Browser" owner="resource">
<kw name="Close Browser" owner="resource">
<kw name="Close Browser" owner="resource">
<kw name="Close Browser" owner="resource">
<kw name="Close Browser" owner="resource">
<kw name="Close Browser" owner="resource">
<kw name="Close Browser" owner="resource">
<kw name="Close Browser" owner="resource">
<kw name="Close Browser" owner="resource">
<kw name="Close Browser" owner="resource">
<kw name="Close Browser" owner="resource">
<kw name="Close Browser" owner="resource">
<kw name="Close Browser" owner="resource">
<kw name="Close Browser" owner="resource">
<kw name="Close Browser" owner="resource">
<kw name="Close Browser" owner="resource">
<kw name="Close Browser" owner="resource">
<kw name="Close Browser" owner="resource">
<kw name="Close Browser" owner="resource">
<kw name="Close Browser" owner="resource">
<kw name="Close Browser" owner="resource">
<kw name="Close Browser" owner="resource">
<kw name="Close Browser" owner="resource">
<kw name="Close Browser" owner="resource">
<kw name="Close Browser" owner="resource">
<kw name="Close Browser" owner="resource">
<kw name="Close Browser" owner="resource">
<kw name="Close Browser" owner="resource">
<kw name="Close Browser" owner="resource">
<kw name="Close Browser" owner="resource">
<kw name="Close Browser" owner="resource">
<kw name="Close Browser" owner="resource">
<kw name="Close Browser" owner="resource">
<kw name="Close Browser" owner="resource">
<kw name="Close Browser" owner="resource">
<kw name="Close Browser" owner="resource">
<kw name="Close Browser" owner="resource">
<kw name="Close Browser" owner="resource">
<kw name="Close Browser" owner="resource">
<msg time="2026-01-02T15:37:25.063743" level="FAIL">Recursive execution stopped.</msg>
<status status="FAIL" start="2026-01-02T15:37:25.063478" elapsed="0.000296">Recursive execution stopped.</status>
</kw>
<status status="FAIL" start="2026-01-02T15:37:25.063339" elapsed="0.000663">Recursive execution stopped.</status>
</kw>
<status status="FAIL" start="2026-01-02T15:37:25.063200" elapsed="0.000990">Recursive execution stopped.</status>
</kw>
<status status="FAIL" start="2026-01-02T15:37:25.063061" elapsed="0.001314">Recursive execution stopped.</status>
</kw>
<status status="FAIL" start="2026-01-02T15:37:25.062919" elapsed="0.001636">Recursive execution stopped.</status>
</kw>
<status status="FAIL" start="2026-01-02T15:37:25.062656" elapsed="0.002136">Recursive execution stopped.</status>
</kw>
<status status="FAIL" start="2026-01-02T15:37:25.062362" elapsed="0.002938">Recursive execution stopped.</status>
</kw>
<status status="FAIL" start="2026-01-02T15:37:25.062224" elapsed="0.003338">Recursive execution stopped.</status>
</kw>
<status status="FAIL" start="2026-01-02T15:37:25.062086" elapsed="0.003656">Recursive execution stopped.</status>
</kw>
<status status="FAIL" start="2026-01-02T15:37:25.061943" elapsed="0.003977">Recursive execution stopped.</status>
</kw>
<status status="FAIL" start="2026-01-02T15:37:25.061770" elapsed="0.004324">Recursive execution stopped.</status>
</kw>
<status status="FAIL" start="2026-01-02T15:37:25.061530" elapsed="0.004742">Recursive execution stopped.</status>
</kw>
<status status="FAIL" start="2026-01-02T15:37:25.061392" elapsed="0.005079">Recursive execution stopped.</status>
</kw>
<status status="FAIL" start="2026-01-02T15:37:25.061253" elapsed="0.005412">Recursive execution stopped.</status>
</kw>
<status status="FAIL" start="2026-01-02T15:37:25.061114" elapsed="0.005764">Recursive execution stopped.</status>
</kw>
<status status="FAIL" start="2026-01-02T15:37:25.060979" elapsed="0.006100">Recursive execution stopped.</status>
</kw>
<status status="FAIL" start="2026-01-02T15:37:25.060843" elapsed="0.006431">Recursive execution stopped.</status>
</kw>
<status status="FAIL" start="2026-01-02T15:37:25.060697" elapsed="0.006773">Recursive execution stopped.</status>
</kw>
<status status="FAIL" start="2026-01-02T15:37:25.060507" elapsed="0.007160">Recursive execution stopped.</status>
</kw>
<status status="FAIL" start="2026-01-02T15:37:25.060327" elapsed="0.007630">Recursive execution stopped.</status>
</kw>
<status status="FAIL" start="2026-01-02T15:37:25.059970" elapsed="0.008176">Recursive execution stopped.</status>
</kw>
<status status="FAIL" start="2026-01-02T15:37:25.059796" elapsed="0.008557">Recursive execution stopped.</status>
</kw>
<status status="FAIL" start="2026-01-02T15:37:25.059657" elapsed="0.008861">Recursive execution stopped.</status>
</kw>
<status status="FAIL" start="2026-01-02T15:37:25.059512" elapsed="0.009176">Recursive execution stopped.</status>
</kw>
<status status="FAIL" start="2026-01-02T15:37:25.059334" elapsed="0.009521">Recursive execution stopped.</status>
</kw>
<status status="FAIL" start="2026-01-02T15:37:25.059194" elapsed="0.009822">Recursive execution stopped.</status>
</kw>
<status status="FAIL" start="2026-01-02T15:37:25.059060" elapsed="0.010113">Recursive execution stopped.</status>
</kw>
<status status="FAIL" start="2026-01-02T15:37:25.058926" elapsed="0.010403">Recursive execution stopped.</status>
</kw>
<status status="FAIL" start="2026-01-02T15:37:25.058788" elapsed="0.010698">Recursive execution stopped.</status>
</kw>
<status status="FAIL" start="2026-01-02T15:37:25.058649" elapsed="0.011001">Recursive execution stopped.</status>
</kw>
<status status="FAIL" start="2026-01-02T15:37:25.058507" elapsed="0.011304">Recursive execution stopped.</status>
</kw>
<status status="FAIL" start="2026-01-02T15:37:25.058367" elapsed="0.011627">Recursive execution stopped.</status>
</kw>
<status status="FAIL" start="2026-01-02T15:37:25.058228" elapsed="0.011959">Recursive execution stopped.</status>
</kw>
<status status="FAIL" start="2026-01-02T15:37:25.058070" elapsed="0.012281">Recursive execution stopped.</status>
</kw>
<status status="FAIL" start="2026-01-02T15:37:25.057634" elapsed="0.014859">Recursive execution stopped.</status>
</kw>
<status status="FAIL" start="2026-01-02T15:37:25.057374" elapsed="0.015337">Recursive execution stopped.</status>
</kw>
<status status="FAIL" start="2026-01-02T15:37:25.057230" elapsed="0.015701">Recursive execution stopped.</status>
</kw>
<status status="FAIL" start="2026-01-02T15:37:25.057077" elapsed="0.016021">Recursive execution stopped.</status>
</kw>
<status status="FAIL" start="2026-01-02T15:37:25.056894" elapsed="0.016359">Recursive execution stopped.</status>
</kw>
<status status="FAIL" start="2026-01-02T15:37:25.056752" elapsed="0.016657">Recursive execution stopped.</status>
</kw>
<status status="FAIL" start="2026-01-02T15:37:25.056609" elapsed="0.016952">Recursive execution stopped.</status>
</kw>
<status status="FAIL" start="2026-01-02T15:37:25.056453" elapsed="0.017258">Recursive execution stopped.</status>
</kw>
<status status="FAIL" start="2026-01-02T15:37:25.056315" elapsed="0.017544">Recursive execution stopped.</status>
</kw>
<status status="FAIL" start="2026-01-02T15:37:25.056178" elapsed="0.017831">Recursive execution stopped.</status>
</kw>
<status status="FAIL" start="2026-01-02T15:37:25.056038" elapsed="0.018118">Recursive execution stopped.</status>
</kw>
<status status="FAIL" start="2026-01-02T15:37:25.055885" elapsed="0.018415">Recursive execution stopped.</status>
</kw>
<status status="FAIL" start="2026-01-02T15:37:25.055598" elapsed="0.018846">Recursive execution stopped.</status>
</kw>
<status status="FAIL" start="2026-01-02T15:37:25.055418" elapsed="0.019172">Recursive execution stopped.</status>
</kw>
<status status="FAIL" start="2026-01-02T15:37:25.054974" elapsed="0.021756">Recursive execution stopped.</status>
</kw>
<status status="FAIL" start="2026-01-02T15:37:25.054668" elapsed="0.022229">Recursive execution stopped.</status>
</kw>
<status status="FAIL" start="2026-01-02T15:37:25.054517" elapsed="0.022601">Recursive execution stopped.</status>
</kw>
<status status="FAIL" start="2026-01-02T15:37:25.054372" elapsed="0.022895">Recursive execution stopped.</status>
</kw>
<status status="FAIL" start="2026-01-02T15:37:25.054231" elapsed="0.023177">Recursive execution stopped.</status>
</kw>
<status status="FAIL" start="2026-01-02T15:37:25.054087" elapsed="0.023460">Recursive execution stopped.</status>
</kw>
<status status="FAIL" start="2026-01-02T15:37:25.053924" elapsed="0.023764">Recursive execution stopped.</status>
</kw>
<status status="FAIL" start="2026-01-02T15:37:25.053768" elapsed="0.024057">Recursive execution stopped.</status>
</kw>
<status status="FAIL" start="2026-01-02T15:37:25.053614" elapsed="0.024348">Recursive execution stopped.</status>
</kw>
<status status="FAIL" start="2026-01-02T15:37:25.053442" elapsed="0.024655">Recursive execution stopped.</status>
</kw>
<status status="FAIL" start="2026-01-02T15:37:25.053303" elapsed="0.024928">Recursive execution stopped.</status>
</kw>
<status status="FAIL" start="2026-01-02T15:37:25.053160" elapsed="0.025202">Recursive execution stopped.</status>
</kw>
<status status="FAIL" start="2026-01-02T15:37:25.053017" elapsed="0.025477">Recursive execution stopped.</status>
</kw>
<status status="FAIL" start="2026-01-02T15:37:25.052877" elapsed="0.025748">Recursive execution stopped.</status>
</kw>
<status status="FAIL" start="2026-01-02T15:37:25.052686" elapsed="0.026102">Recursive execution stopped.</status>
</kw>
<status status="FAIL" start="2026-01-02T15:37:25.052298" elapsed="0.026650">Recursive execution stopped.</status>
</kw>
<status status="FAIL" start="2026-01-02T15:37:25.052124" elapsed="0.026983">Recursive execution stopped.</status>
</kw>
<status status="FAIL" start="2026-01-02T15:37:25.051987" elapsed="0.027252">Recursive execution stopped.</status>
</kw>
<status status="FAIL" start="2026-01-02T15:37:25.051831" elapsed="0.027535">Recursive execution stopped.</status>
</kw>
<status status="FAIL" start="2026-01-02T15:37:25.051652" elapsed="0.027838">Recursive execution stopped.</status>
</kw>
<status status="FAIL" start="2026-01-02T15:37:25.051504" elapsed="0.028111">Recursive execution stopped.</status>
</kw>
<status status="FAIL" start="2026-01-02T15:37:25.051324" elapsed="0.028415">Recursive execution stopped.</status>
</kw>
<status status="FAIL" start="2026-01-02T15:37:25.051144" elapsed="0.028721">Recursive execution stopped.</status>
</kw>
<status status="FAIL" start="2026-01-02T15:37:25.050925" elapsed="0.029062">Recursive execution stopped.</status>
</kw>
<status status="FAIL" start="2026-01-02T15:37:25.050733" elapsed="0.029376">Recursive execution stopped.</status>
</kw>
<status status="FAIL" start="2026-01-02T15:37:25.050514" elapsed="0.029718">Recursive execution stopped.</status>
</kw>
<status status="FAIL" start="2026-01-02T15:37:25.050332" elapsed="0.030019">Recursive execution stopped.</status>
</kw>
<status status="FAIL" start="2026-01-02T15:37:25.050163" elapsed="0.030306">Recursive execution stopped.</status>
</kw>
<status status="FAIL" start="2026-01-02T15:37:25.049995" elapsed="0.030590">Recursive execution stopped.</status>
</kw>
<status status="FAIL" start="2026-01-02T15:37:25.049701" elapsed="0.031047">Recursive execution stopped.</status>
</kw>
<status status="FAIL" start="2026-01-02T15:37:25.049386" elapsed="0.031660">Recursive execution stopped.</status>
</kw>
<status status="FAIL" start="2026-01-02T15:37:25.049176" elapsed="0.032095">Recursive execution stopped.</status>
</kw>
<status status="FAIL" start="2026-01-02T15:37:25.048735" elapsed="0.032659">Recursive execution stopped.</status>
</kw>
<status status="FAIL" start="2026-01-02T15:37:25.048601" elapsed="0.032906">Recursive execution stopped.</status>
</kw>
<status status="FAIL" start="2026-01-02T15:37:25.048464" elapsed="0.033156">Recursive execution stopped.</status>
</kw>
<status status="FAIL" start="2026-01-02T15:37:25.048327" elapsed="0.033405">Recursive execution stopped.</status>
</kw>
<status status="FAIL" start="2026-01-02T15:37:25.048185" elapsed="0.033656">Recursive execution stopped.</status>
</kw>
<status status="FAIL" start="2026-01-02T15:37:25.047958" elapsed="0.033992">Recursive execution stopped.</status>
</kw>
<status status="FAIL" start="2026-01-02T15:37:25.047806" elapsed="0.034254">Recursive execution stopped.</status>
</kw>
<status status="FAIL" start="2026-01-02T15:37:25.047668" elapsed="0.034500">Recursive execution stopped.</status>
</kw>
<status status="FAIL" start="2026-01-02T15:37:25.047542" elapsed="0.034747">Recursive execution stopped.</status>
</kw>
<status status="FAIL" start="2026-01-02T15:37:25.047412" elapsed="0.034987">Recursive execution stopped.</status>
</kw>
<status status="FAIL" start="2026-01-02T15:37:25.047283" elapsed="0.035224">Recursive execution stopped.</status>
</kw>
<status status="FAIL" start="2026-01-02T15:37:25.047115" elapsed="0.035550">Recursive execution stopped.</status>
</kw>
<status status="FAIL" start="2026-01-02T15:37:25.046730" elapsed="0.036061">Recursive execution stopped.</status>
</kw>
<status status="FAIL" start="2026-01-02T15:37:25.046581" elapsed="0.036366">Recursive execution stopped.</status>
</kw>
<status status="FAIL" start="2026-01-02T15:37:25.046454" elapsed="0.036597">Recursive execution stopped.</status>
</kw>
<status status="FAIL" start="2026-01-02T15:37:25.046324" elapsed="0.036831">Recursive execution stopped.</status>
</kw>
<status status="FAIL" start="2026-01-02T15:37:25.046190" elapsed="0.037066">Recursive execution stopped.</status>
</kw>
<status status="FAIL" start="2026-01-02T15:37:25.046056" elapsed="0.037303">Recursive execution stopped.</status>
</kw>
<status status="FAIL" start="2026-01-02T15:37:25.045926" elapsed="0.037530">Recursive execution stopped.</status>
</kw>
<status status="FAIL" start="2026-01-02T15:37:25.045796" elapsed="0.037762">Recursive execution stopped.</status>
</kw>
<status status="FAIL" start="2026-01-02T15:37:25.045661" elapsed="0.037998">Recursive execution stopped.</status>
</kw>
<status status="FAIL" start="2026-01-02T15:37:25.045533" elapsed="0.038222">Recursive execution stopped.</status>
</kw>
<status status="FAIL" start="2026-01-02T15:37:25.045404" elapsed="0.038448">Recursive execution stopped.</status>
</kw>
<status status="FAIL" start="2026-01-02T15:37:25.045274" elapsed="0.038675">Recursive execution stopped.</status>
</kw>
<status status="FAIL" start="2026-01-02T15:37:25.045142" elapsed="0.038904">Recursive execution stopped.</status>
</kw>
<status status="FAIL" start="2026-01-02T15:37:25.045010" elapsed="0.039128">Recursive execution stopped.</status>
</kw>
<status status="FAIL" start="2026-01-02T15:37:25.044686" elapsed="0.040061">Recursive execution stopped.</status>
</kw>
<status status="FAIL" start="2026-01-02T15:37:25.044480" elapsed="0.040394">Recursive execution stopped.</status>
</kw>
<status status="FAIL" start="2026-01-02T15:37:25.044332" elapsed="0.040651">Recursive execution stopped.</status>
</kw>
<status status="FAIL" start="2026-01-02T15:37:25.044191" elapsed="0.040884">Recursive execution stopped.</status>
</kw>
<status status="FAIL" start="2026-01-02T15:37:25.044058" elapsed="0.041107">Recursive execution stopped.</status>
</kw>
<status status="FAIL" start="2026-01-02T15:37:25.043928" elapsed="0.041324">Recursive execution stopped.</status>
</kw>
<status status="FAIL" start="2026-01-02T15:37:25.043798" elapsed="0.041543">Recursive execution stopped.</status>
</kw>
<status status="FAIL" start="2026-01-02T15:37:25.043669" elapsed="0.041759">Recursive execution stopped.</status>
</kw>
<status status="FAIL" start="2026-01-02T15:37:25.043537" elapsed="0.041977">Recursive execution stopped.</status>
</kw>
<status status="FAIL" start="2026-01-02T15:37:25.043407" elapsed="0.042194">Recursive execution stopped.</status>
</kw>
<status status="FAIL" start="2026-01-02T15:37:25.043273" elapsed="0.042412">Recursive execution stopped.</status>
</kw>
<status status="FAIL" start="2026-01-02T15:37:25.043128" elapsed="0.042696">Recursive execution stopped.</status>
</kw>
<status status="FAIL" start="2026-01-02T15:37:25.042988" elapsed="0.042928">Recursive execution stopped.</status>
</kw>
<status status="FAIL" start="2026-01-02T15:37:25.042856" elapsed="0.043148">Recursive execution stopped.</status>
</kw>
<status status="FAIL" start="2026-01-02T15:37:25.042667" elapsed="0.043990">Recursive execution stopped.</status>
</kw>
<status status="FAIL" start="2026-01-02T15:37:25.042354" elapsed="0.044400">Recursive execution stopped.</status>
</kw>
<status status="FAIL" start="2026-01-02T15:37:25.041877" elapsed="0.044976">Recursive execution stopped.</status>
</kw>
<status status="FAIL" start="2026-01-02T15:37:25.041746" elapsed="0.045189">Recursive execution stopped.</status>
</kw>
<status status="FAIL" start="2026-01-02T15:37:25.041617" elapsed="0.045397">Recursive execution stopped.</status>
</kw>
<status status="FAIL" start="2026-01-02T15:37:25.041486" elapsed="0.045605">Recursive execution stopped.</status>
</kw>
<status status="FAIL" start="2026-01-02T15:37:25.041356" elapsed="0.045810">Recursive execution stopped.</status>
</kw>
<status status="FAIL" start="2026-01-02T15:37:25.041221" elapsed="0.046022">Recursive execution stopped.</status>
</kw>
<status status="FAIL" start="2026-01-02T15:37:25.041085" elapsed="0.046235">Recursive execution stopped.</status>
</kw>
<status status="FAIL" start="2026-01-02T15:37:25.040953" elapsed="0.046443">Recursive execution stopped.</status>
</kw>
<status status="FAIL" start="2026-01-02T15:37:25.040818" elapsed="0.046651">Recursive execution stopped.</status>
</kw>
<status status="FAIL" start="2026-01-02T15:37:25.040623" elapsed="0.046921">Recursive execution stopped.</status>
</kw>
<status status="FAIL" start="2026-01-02T15:37:25.040490" elapsed="0.047131">Recursive execution stopped.</status>
</kw>
<status status="FAIL" start="2026-01-02T15:37:25.040361" elapsed="0.047329">Recursive execution stopped.</status>
</kw>
<status status="FAIL" start="2026-01-02T15:37:25.040204" elapsed="0.047570">Recursive execution stopped.</status>
</kw>
<status status="FAIL" start="2026-01-02T15:37:25.039918" elapsed="0.047957">Recursive execution stopped.</status>
</kw>
<status status="FAIL" start="2026-01-02T15:37:25.039722" elapsed="0.048264">Recursive execution stopped.</status>
</kw>
<status status="FAIL" start="2026-01-02T15:37:25.039587" elapsed="0.048471">Recursive execution stopped.</status>
</kw>
<status status="FAIL" start="2026-01-02T15:37:25.039453" elapsed="0.048670">Recursive execution stopped.</status>
</kw>
<status status="FAIL" start="2026-01-02T15:37:25.039319" elapsed="0.048868">Recursive execution stopped.</status>
</kw>
<status status="FAIL" start="2026-01-02T15:37:25.039181" elapsed="0.049067">Recursive execution stopped.</status>
</kw>
<status status="FAIL" start="2026-01-02T15:37:25.039050" elapsed="0.049259">Recursive execution stopped.</status>
</kw>
<status status="FAIL" start="2026-01-02T15:37:25.038917" elapsed="0.049453">Recursive execution stopped.</status>
</kw>
<status status="FAIL" start="2026-01-02T15:37:25.038786" elapsed="0.049644">Recursive execution stopped.</status>
</kw>
<status status="FAIL" start="2026-01-02T15:37:25.038636" elapsed="0.049855">Recursive execution stopped.</status>
</kw>
<status status="FAIL" start="2026-01-02T15:37:25.038448" elapsed="0.050103">Recursive execution stopped.</status>
</kw>
<status status="FAIL" start="2026-01-02T15:37:25.038242" elapsed="0.050367">Recursive execution stopped.</status>
</kw>
<status status="FAIL" start="2026-01-02T15:37:25.036320" elapsed="0.052505">Variable '${BROWSER}' not found.

Also teardown failed:
Recursive execution stopped.</status>
</test>
<test id="s1-t3" name="UAT-Lab04-002-01 Empty First Name" line="22">
<kw name="Open Registration Page" owner="resource">
<kw name="Open Browser" owner="SeleniumLibrary">
<msg time="2026-01-02T15:37:25.090644" level="FAIL">Variable '${BROWSER}' not found.</msg>
<arg>${URL}</arg>
<arg>${BROWSER}</arg>
<doc>Opens a new browser instance to the optional ``url``.</doc>
<status status="FAIL" start="2026-01-02T15:37:25.090288" elapsed="0.000386">Variable '${BROWSER}' not found.</status>
</kw>
<kw name="Maximize Browser Window" owner="SeleniumLibrary">
<doc>Maximizes current browser window.</doc>
<status status="NOT RUN" start="2026-01-02T15:37:25.090759" elapsed="0.000019"/>
</kw>
<status status="FAIL" start="2026-01-02T15:37:25.090082" elapsed="0.000757">Variable '${BROWSER}' not found.</status>
</kw>
<kw name="Input Registration Data" owner="resource">
<arg>${EMPTY}</arg>
<arg>Sodsai</arg>
<arg>CS KKU</arg>
<arg>somyod@kkumail.com</arg>
<arg>091-001-1234</arg>
<status status="NOT RUN" start="2026-01-02T15:37:25.091180" elapsed="0.000029"/>
</kw>
<kw name="Submit Registration" owner="resource">
<status status="NOT RUN" start="2026-01-02T15:37:25.091517" elapsed="0.000030"/>
</kw>
<kw name="Page Should Contain" owner="SeleniumLibrary">
<arg>Please enter your first name!!</arg>
<doc>Verifies that current page contains ``text``.</doc>
<status status="NOT RUN" start="2026-01-02T15:37:25.091895" elapsed="0.000035"/>
</kw>
<kw name="Close Browser" owner="resource" type="TEARDOWN">
<kw name="Close Browser" owner="resource">
<kw name="Close Browser" owner="resource">
<kw name="Close Browser" owner="resource">
<kw name="Close Browser" owner="resource">
<kw name="Close Browser" owner="resource">
<kw name="Close Browser" owner="resource">
<kw name="Close Browser" owner="resource">
<kw name="Close Browser" owner="resource">
<kw name="Close Browser" owner="resource">
<kw name="Close Browser" owner="resource">
<kw name="Close Browser" owner="resource">
<kw name="Close Browser" owner="resource">
<kw name="Close Browser" owner="resource">
<kw name="Close Browser" owner="resource">
<kw name="Close Browser" owner="resource">
<kw name="Close Browser" owner="resource">
<kw name="Close Browser" owner="resource">
<kw name="Close Browser" owner="resource">
<kw name="Close Browser" owner="resource">
<kw name="Close Browser" owner="resource">
<kw name="Close Browser" owner="resource">
<kw name="Close Browser" owner="resource">
<kw name="Close Browser" owner="resource">
<kw name="Close Browser" owner="resource">
<kw name="Close Browser" owner="resource">
<kw name="Close Browser" owner="resource">
<kw name="Close Browser" owner="resource">
<kw name="Close Browser" owner="resource">
<kw name="Close Browser" owner="resource">
<kw name="Close Browser" owner="resource">
<kw name="Close Browser" owner="resource">
<kw name="Close Browser" owner="resource">
<kw name="Close Browser" owner="resource">
<kw name="Close Browser" owner="resource">
<kw name="Close Browser" owner="resource">
<kw name="Close Browser" owner="resource">
<kw name="Close Browser" owner="resource">
<kw name="Close Browser" owner="resource">
<kw name="Close Browser" owner="resource">
<kw name="Close Browser" owner="resource">
<kw name="Close Browser" owner="resource">
<kw name="Close Browser" owner="resource">
<kw name="Close Browser" owner="resource">
<kw name="Close Browser" owner="resource">
<kw name="Close Browser" owner="resource">
<kw name="Close Browser" owner="resource">
<kw name="Close Browser" owner="resource">
<kw name="Close Browser" owner="resource">
<kw name="Close Browser" owner="resource">
<kw name="Close Browser" owner="resource">
<kw name="Close Browser" owner="resource">
<kw name="Close Browser" owner="resource">
<kw name="Close Browser" owner="resource">
<kw name="Close Browser" owner="resource">
<kw name="Close Browser" owner="resource">
<kw name="Close Browser" owner="resource">
<kw name="Close Browser" owner="resource">
<kw name="Close Browser" owner="resource">
<kw name="Close Browser" owner="resource">
<kw name="Close Browser" owner="resource">
<kw name="Close Browser" owner="resource">
<kw name="Close Browser" owner="resource">
<kw name="Close Browser" owner="resource">
<kw name="Close Browser" owner="resource">
<kw name="Close Browser" owner="resource">
<kw name="Close Browser" owner="resource">
<kw name="Close Browser" owner="resource">
<kw name="Close Browser" owner="resource">
<kw name="Close Browser" owner="resource">
<kw name="Close Browser" owner="resource">
<kw name="Close Browser" owner="resource">
<kw name="Close Browser" owner="resource">
<kw name="Close Browser" owner="resource">
<kw name="Close Browser" owner="resource">
<kw name="Close Browser" owner="resource">
<kw name="Close Browser" owner="resource">
<kw name="Close Browser" owner="resource">
<kw name="Close Browser" owner="resource">
<kw name="Close Browser" owner="resource">
<kw name="Close Browser" owner="resource">
<kw name="Close Browser" owner="resource">
<kw name="Close Browser" owner="resource">
<kw name="Close Browser" owner="resource">
<kw name="Close Browser" owner="resource">
<kw name="Close Browser" owner="resource">
<kw name="Close Browser" owner="resource">
<kw name="Close Browser" owner="resource">
<kw name="Close Browser" owner="resource">
<kw name="Close Browser" owner="resource">
<kw name="Close Browser" owner="resource">
<kw name="Close Browser" owner="resource">
<kw name="Close Browser" owner="resource">
<kw name="Close Browser" owner="resource">
<kw name="Close Browser" owner="resource">
<kw name="Close Browser" owner="resource">
<kw name="Close Browser" owner="resource">
<kw name="Close Browser" owner="resource">
<kw name="Close Browser" owner="resource">
<kw name="Close Browser" owner="resource">
<kw name="Close Browser" owner="resource">
<kw name="Close Browser" owner="resource">
<kw name="Close Browser" owner="resource">
<kw name="Close Browser" owner="resource">
<kw name="Close Browser" owner="resource">
<kw name="Close Browser" owner="resource">
<kw name="Close Browser" owner="resource">
<kw name="Close Browser" owner="resource">
<kw name="Close Browser" owner="resource">
<kw name="Close Browser" owner="resource">
<kw name="Close Browser" owner="resource">
<kw name="Close Browser" owner="resource">
<kw name="Close Browser" owner="resource">
<kw name="Close Browser" owner="resource">
<kw name="Close Browser" owner="resource">
<kw name="Close Browser" owner="resource">
<kw name="Close Browser" owner="resource">
<kw name="Close Browser" owner="resource">
<kw name="Close Browser" owner="resource">
<kw name="Close Browser" owner="resource">
<kw name="Close Browser" owner="resource">
<kw name="Close Browser" owner="resource">
<kw name="Close Browser" owner="resource">
<kw name="Close Browser" owner="resource">
<kw name="Close Browser" owner="resource">
<kw name="Close Browser" owner="resource">
<kw name="Close Browser" owner="resource">
<kw name="Close Browser" owner="resource">
<kw name="Close Browser" owner="resource">
<kw name="Close Browser" owner="resource">
<kw name="Close Browser" owner="resource">
<kw name="Close Browser" owner="resource">
<kw name="Close Browser" owner="resource">
<kw name="Close Browser" owner="resource">
<kw name="Close Browser" owner="resource">
<kw name="Close Browser" owner="resource">
<kw name="Close Browser" owner="resource">
<kw name="Close Browser" owner="resource">
<kw name="Close Browser" owner="resource">
<kw name="Close Browser" owner="resource">
<kw name="Close Browser" owner="resource">
<kw name="Close Browser" owner="resource">
<kw name="Close Browser" owner="resource">
<kw name="Close Browser" owner="resource">
<kw name="Close Browser" owner="resource">
<kw name="Close Browser" owner="resource">
<kw name="Close Browser" owner="resource">
<msg time="2026-01-02T15:37:25.118571" level="FAIL">Recursive execution stopped.</msg>
<status status="FAIL" start="2026-01-02T15:37:25.118291" elapsed="0.000313">Recursive execution stopped.</status>
</kw>
<status status="FAIL" start="2026-01-02T15:37:25.118151" elapsed="0.000674">Recursive execution stopped.</status>
</kw>
<status status="FAIL" start="2026-01-02T15:37:25.118015" elapsed="0.000995">Recursive execution stopped.</status>
</kw>
<status status="FAIL" start="2026-01-02T15:37:25.117878" elapsed="0.001312">Recursive execution stopped.</status>
</kw>
<status status="FAIL" start="2026-01-02T15:37:25.117741" elapsed="0.001631">Recursive execution stopped.</status>
</kw>
<status status="FAIL" start="2026-01-02T15:37:25.117476" elapsed="0.002129">Recursive execution stopped.</status>
</kw>
<status status="FAIL" start="2026-01-02T15:37:25.117196" elapsed="0.002593">Recursive execution stopped.</status>
</kw>
<status status="FAIL" start="2026-01-02T15:37:25.117060" elapsed="0.002939">Recursive execution stopped.</status>
</kw>
<status status="FAIL" start="2026-01-02T15:37:25.116926" elapsed="0.003247">Recursive execution stopped.</status>
</kw>
<status status="FAIL" start="2026-01-02T15:37:25.116783" elapsed="0.003564">Recursive execution stopped.</status>
</kw>
<status status="FAIL" start="2026-01-02T15:37:25.116645" elapsed="0.003874">Recursive execution stopped.</status>
</kw>
<status status="FAIL" start="2026-01-02T15:37:25.116496" elapsed="0.004204">Recursive execution stopped.</status>
</kw>
<status status="FAIL" start="2026-01-02T15:37:25.116361" elapsed="0.004512">Recursive execution stopped.</status>
</kw>
<status status="FAIL" start="2026-01-02T15:37:25.116226" elapsed="0.004818">Recursive execution stopped.</status>
</kw>
<status status="FAIL" start="2026-01-02T15:37:25.116081" elapsed="0.005131">Recursive execution stopped.</status>
</kw>
<status status="FAIL" start="2026-01-02T15:37:25.115930" elapsed="0.005452">Recursive execution stopped.</status>
</kw>
<status status="FAIL" start="2026-01-02T15:37:25.115795" elapsed="0.005757">Recursive execution stopped.</status>
</kw>
<status status="FAIL" start="2026-01-02T15:37:25.115654" elapsed="0.006067">Recursive execution stopped.</status>
</kw>
<status status="FAIL" start="2026-01-02T15:37:25.115479" elapsed="0.006446">Recursive execution stopped.</status>
</kw>
<status status="FAIL" start="2026-01-02T15:37:25.115193" elapsed="0.006944">Recursive execution stopped.</status>
</kw>
<status status="FAIL" start="2026-01-02T15:37:25.114785" elapsed="0.007523">Recursive execution stopped.</status>
</kw>
<status status="FAIL" start="2026-01-02T15:37:25.114600" elapsed="0.007919">Recursive execution stopped.</status>
</kw>
<status status="FAIL" start="2026-01-02T15:37:25.114453" elapsed="0.008238">Recursive execution stopped.</status>
</kw>
<status status="FAIL" start="2026-01-02T15:37:25.114316" elapsed="0.008538">Recursive execution stopped.</status>
</kw>
<status status="FAIL" start="2026-01-02T15:37:25.114183" elapsed="0.008832">Recursive execution stopped.</status>
</kw>
<status status="FAIL" start="2026-01-02T15:37:25.114048" elapsed="0.009128">Recursive execution stopped.</status>
</kw>
<status status="FAIL" start="2026-01-02T15:37:25.113917" elapsed="0.009417">Recursive execution stopped.</status>
</kw>
<status status="FAIL" start="2026-01-02T15:37:25.113778" elapsed="0.009717">Recursive execution stopped.</status>
</kw>
<status status="FAIL" start="2026-01-02T15:37:25.113622" elapsed="0.010030">Recursive execution stopped.</status>
</kw>
<status status="FAIL" start="2026-01-02T15:37:25.113472" elapsed="0.010338">Recursive execution stopped.</status>
</kw>
<status status="FAIL" start="2026-01-02T15:37:25.113323" elapsed="0.010641">Recursive execution stopped.</status>
</kw>
<status status="FAIL" start="2026-01-02T15:37:25.113178" elapsed="0.010940">Recursive execution stopped.</status>
</kw>
<status status="FAIL" start="2026-01-02T15:37:25.113030" elapsed="0.011242">Recursive execution stopped.</status>
</kw>
<status status="FAIL" start="2026-01-02T15:37:25.112852" elapsed="0.011574">Recursive execution stopped.</status>
</kw>
<status status="FAIL" start="2026-01-02T15:37:25.112481" elapsed="0.013349">Recursive execution stopped.</status>
</kw>
<status status="FAIL" start="2026-01-02T15:37:25.112241" elapsed="0.014075">Recursive execution stopped.</status>
</kw>
<status status="FAIL" start="2026-01-02T15:37:25.112081" elapsed="0.014592">Recursive execution stopped.</status>
</kw>
<status status="FAIL" start="2026-01-02T15:37:25.111862" elapsed="0.015043">Recursive execution stopped.</status>
</kw>
<status status="FAIL" start="2026-01-02T15:37:25.111679" elapsed="0.015501">Recursive execution stopped.</status>
</kw>
<status status="FAIL" start="2026-01-02T15:37:25.111454" elapsed="0.015916">Recursive execution stopped.</status>
</kw>
<status status="FAIL" start="2026-01-02T15:37:25.111257" elapsed="0.016289">Recursive execution stopped.</status>
</kw>
<status status="FAIL" start="2026-01-02T15:37:25.110966" elapsed="0.016737">Recursive execution stopped.</status>
</kw>
<status status="FAIL" start="2026-01-02T15:37:25.110701" elapsed="0.017159">Recursive execution stopped.</status>
</kw>
<status status="FAIL" start="2026-01-02T15:37:25.110567" elapsed="0.017459">Recursive execution stopped.</status>
</kw>
<status status="FAIL" start="2026-01-02T15:37:25.110432" elapsed="0.017761">Recursive execution stopped.</status>
</kw>
<status status="FAIL" start="2026-01-02T15:37:25.110299" elapsed="0.018047">Recursive execution stopped.</status>
</kw>
<status status="FAIL" start="2026-01-02T15:37:25.110158" elapsed="0.018373">Recursive execution stopped.</status>
</kw>
<status status="FAIL" start="2026-01-02T15:37:25.110018" elapsed="0.018682">Recursive execution stopped.</status>
</kw>
<status status="FAIL" start="2026-01-02T15:37:25.109827" elapsed="0.021248">Recursive execution stopped.</status>
</kw>
<status status="FAIL" start="2026-01-02T15:37:25.109526" elapsed="0.021746">Recursive execution stopped.</status>
</kw>
<status status="FAIL" start="2026-01-02T15:37:25.109392" elapsed="0.022035">Recursive execution stopped.</status>
</kw>
<status status="FAIL" start="2026-01-02T15:37:25.109260" elapsed="0.022324">Recursive execution stopped.</status>
</kw>
<status status="FAIL" start="2026-01-02T15:37:25.109124" elapsed="0.022605">Recursive execution stopped.</status>
</kw>
<status status="FAIL" start="2026-01-02T15:37:25.108984" elapsed="0.022904">Recursive execution stopped.</status>
</kw>
<status status="FAIL" start="2026-01-02T15:37:25.108842" elapsed="0.023253">Recursive execution stopped.</status>
</kw>
<status status="FAIL" start="2026-01-02T15:37:25.108684" elapsed="0.023588">Recursive execution stopped.</status>
</kw>
<status status="FAIL" start="2026-01-02T15:37:25.108428" elapsed="0.024055">Recursive execution stopped.</status>
</kw>
<status status="FAIL" start="2026-01-02T15:37:25.108288" elapsed="0.024424">Recursive execution stopped.</status>
</kw>
<status status="FAIL" start="2026-01-02T15:37:25.108156" elapsed="0.024737">Recursive execution stopped.</status>
</kw>
<status status="FAIL" start="2026-01-02T15:37:25.108023" elapsed="0.025020">Recursive execution stopped.</status>
</kw>
<status status="FAIL" start="2026-01-02T15:37:25.107881" elapsed="0.025308">Recursive execution stopped.</status>
</kw>
<status status="FAIL" start="2026-01-02T15:37:25.107746" elapsed="0.025586">Recursive execution stopped.</status>
</kw>
<status status="FAIL" start="2026-01-02T15:37:25.107555" elapsed="0.026009">Recursive execution stopped.</status>
</kw>
<status status="FAIL" start="2026-01-02T15:37:25.107173" elapsed="0.026614">Recursive execution stopped.</status>
</kw>
<status status="FAIL" start="2026-01-02T15:37:25.107013" elapsed="0.026956">Recursive execution stopped.</status>
</kw>
<status status="FAIL" start="2026-01-02T15:37:25.106879" elapsed="0.027230">Recursive execution stopped.</status>
</kw>
<status status="FAIL" start="2026-01-02T15:37:25.106742" elapsed="0.027580">Recursive execution stopped.</status>
</kw>
<status status="FAIL" start="2026-01-02T15:37:25.106607" elapsed="0.027904">Recursive execution stopped.</status>
</kw>
<status status="FAIL" start="2026-01-02T15:37:25.106472" elapsed="0.028199">Recursive execution stopped.</status>
</kw>
<status status="FAIL" start="2026-01-02T15:37:25.106337" elapsed="0.028469">Recursive execution stopped.</status>
</kw>
<status status="FAIL" start="2026-01-02T15:37:25.106205" elapsed="0.028731">Recursive execution stopped.</status>
</kw>
<status status="FAIL" start="2026-01-02T15:37:25.106068" elapsed="0.029002">Recursive execution stopped.</status>
</kw>
<status status="FAIL" start="2026-01-02T15:37:25.105930" elapsed="0.029285">Recursive execution stopped.</status>
</kw>
<status status="FAIL" start="2026-01-02T15:37:25.105791" elapsed="0.029563">Recursive execution stopped.</status>
</kw>
<status status="FAIL" start="2026-01-02T15:37:25.105656" elapsed="0.029829">Recursive execution stopped.</status>
</kw>
<status status="FAIL" start="2026-01-02T15:37:25.105506" elapsed="0.030104">Recursive execution stopped.</status>
</kw>
<status status="FAIL" start="2026-01-02T15:37:25.105371" elapsed="0.030360">Recursive execution stopped.</status>
</kw>
<status status="FAIL" start="2026-01-02T15:37:25.105105" elapsed="0.030816">Recursive execution stopped.</status>
</kw>
<status status="FAIL" start="2026-01-02T15:37:25.104815" elapsed="0.031232">Recursive execution stopped.</status>
</kw>
<status status="FAIL" start="2026-01-02T15:37:25.104674" elapsed="0.031537">Recursive execution stopped.</status>
</kw>
<status status="FAIL" start="2026-01-02T15:37:25.104519" elapsed="0.031815">Recursive execution stopped.</status>
</kw>
<status status="FAIL" start="2026-01-02T15:37:25.104274" elapsed="0.032179">Recursive execution stopped.</status>
</kw>
<status status="FAIL" start="2026-01-02T15:37:25.104140" elapsed="0.032431">Recursive execution stopped.</status>
</kw>
<status status="FAIL" start="2026-01-02T15:37:25.104007" elapsed="0.032677">Recursive execution stopped.</status>
</kw>
<status status="FAIL" start="2026-01-02T15:37:25.103872" elapsed="0.032925">Recursive execution stopped.</status>
</kw>
<status status="FAIL" start="2026-01-02T15:37:25.103737" elapsed="0.033172">Recursive execution stopped.</status>
</kw>
<status status="FAIL" start="2026-01-02T15:37:25.103601" elapsed="0.033418">Recursive execution stopped.</status>
</kw>
<status status="FAIL" start="2026-01-02T15:37:25.103456" elapsed="0.033672">Recursive execution stopped.</status>
</kw>
<status status="FAIL" start="2026-01-02T15:37:25.103322" elapsed="0.033914">Recursive execution stopped.</status>
</kw>
<status status="FAIL" start="2026-01-02T15:37:25.103184" elapsed="0.034159">Recursive execution stopped.</status>
</kw>
<status status="FAIL" start="2026-01-02T15:37:25.103046" elapsed="0.034402">Recursive execution stopped.</status>
</kw>
<status status="FAIL" start="2026-01-02T15:37:25.102848" elapsed="0.034748">Recursive execution stopped.</status>
</kw>
<status status="FAIL" start="2026-01-02T15:37:25.102459" elapsed="0.035248">Recursive execution stopped.</status>
</kw>
<status status="FAIL" start="2026-01-02T15:37:25.102151" elapsed="0.035701">Recursive execution stopped.</status>
</kw>
<status status="FAIL" start="2026-01-02T15:37:25.102012" elapsed="0.035945">Recursive execution stopped.</status>
</kw>
<status status="FAIL" start="2026-01-02T15:37:25.101855" elapsed="0.036206">Recursive execution stopped.</status>
</kw>
<status status="FAIL" start="2026-01-02T15:37:25.101648" elapsed="0.036514">Recursive execution stopped.</status>
</kw>
<status status="FAIL" start="2026-01-02T15:37:25.101374" elapsed="0.036897">Recursive execution stopped.</status>
</kw>
<status status="FAIL" start="2026-01-02T15:37:25.101083" elapsed="0.037287">Recursive execution stopped.</status>
</kw>
<status status="FAIL" start="2026-01-02T15:37:25.100871" elapsed="0.037602">Recursive execution stopped.</status>
</kw>
<status status="FAIL" start="2026-01-02T15:37:25.100708" elapsed="0.037865">Recursive execution stopped.</status>
</kw>
<status status="FAIL" start="2026-01-02T15:37:25.100528" elapsed="0.038141">Recursive execution stopped.</status>
</kw>
<status status="FAIL" start="2026-01-02T15:37:25.100394" elapsed="0.038373">Recursive execution stopped.</status>
</kw>
<status status="FAIL" start="2026-01-02T15:37:25.100251" elapsed="0.038611">Recursive execution stopped.</status>
</kw>
<status status="FAIL" start="2026-01-02T15:37:25.100113" elapsed="0.038844">Recursive execution stopped.</status>
</kw>
<status status="FAIL" start="2026-01-02T15:37:25.099977" elapsed="0.039174">Recursive execution stopped.</status>
</kw>
<status status="FAIL" start="2026-01-02T15:37:25.099684" elapsed="0.040080">Recursive execution stopped.</status>
</kw>
<status status="FAIL" start="2026-01-02T15:37:25.099450" elapsed="0.040427">Recursive execution stopped.</status>
</kw>
<status status="FAIL" start="2026-01-02T15:37:25.099315" elapsed="0.040681">Recursive execution stopped.</status>
</kw>
<status status="FAIL" start="2026-01-02T15:37:25.099169" elapsed="0.040920">Recursive execution stopped.</status>
</kw>
<status status="FAIL" start="2026-01-02T15:37:25.099033" elapsed="0.041145">Recursive execution stopped.</status>
</kw>
<status status="FAIL" start="2026-01-02T15:37:25.098893" elapsed="0.041375">Recursive execution stopped.</status>
</kw>
<status status="FAIL" start="2026-01-02T15:37:25.098754" elapsed="0.041600">Recursive execution stopped.</status>
</kw>
<status status="FAIL" start="2026-01-02T15:37:25.098615" elapsed="0.041829">Recursive execution stopped.</status>
</kw>
<status status="FAIL" start="2026-01-02T15:37:25.098472" elapsed="0.042056">Recursive execution stopped.</status>
</kw>
<status status="FAIL" start="2026-01-02T15:37:25.098327" elapsed="0.042285">Recursive execution stopped.</status>
</kw>
<status status="FAIL" start="2026-01-02T15:37:25.098114" elapsed="0.042582">Recursive execution stopped.</status>
</kw>
<status status="FAIL" start="2026-01-02T15:37:25.097936" elapsed="0.042845">Recursive execution stopped.</status>
</kw>
<status status="FAIL" start="2026-01-02T15:37:25.097764" elapsed="0.043100">Recursive execution stopped.</status>
</kw>
<status status="FAIL" start="2026-01-02T15:37:25.097593" elapsed="0.043354">Recursive execution stopped.</status>
</kw>
<status status="FAIL" start="2026-01-02T15:37:25.097367" elapsed="0.044245">Recursive execution stopped.</status>
</kw>
<status status="FAIL" start="2026-01-02T15:37:25.096918" elapsed="0.044785">Recursive execution stopped.</status>
</kw>
<status status="FAIL" start="2026-01-02T15:37:25.096746" elapsed="0.045049">Recursive execution stopped.</status>
</kw>
<status status="FAIL" start="2026-01-02T15:37:25.096576" elapsed="0.045431">Recursive execution stopped.</status>
</kw>
<status status="FAIL" start="2026-01-02T15:37:25.096354" elapsed="0.045787">Recursive execution stopped.</status>
</kw>
<status status="FAIL" start="2026-01-02T15:37:25.096011" elapsed="0.046219">Recursive execution stopped.</status>
</kw>
<status status="FAIL" start="2026-01-02T15:37:25.095693" elapsed="0.046615">Recursive execution stopped.</status>
</kw>
<status status="FAIL" start="2026-01-02T15:37:25.095564" elapsed="0.046823">Recursive execution stopped.</status>
</kw>
<status status="FAIL" start="2026-01-02T15:37:25.095437" elapsed="0.047025">Recursive execution stopped.</status>
</kw>
<status status="FAIL" start="2026-01-02T15:37:25.095309" elapsed="0.047225">Recursive execution stopped.</status>
</kw>
<status status="FAIL" start="2026-01-02T15:37:25.095170" elapsed="0.047436">Recursive execution stopped.</status>
</kw>
<status status="FAIL" start="2026-01-02T15:37:25.094639" elapsed="0.048041">Recursive execution stopped.</status>
</kw>
<status status="FAIL" start="2026-01-02T15:37:25.094508" elapsed="0.048245">Recursive execution stopped.</status>
</kw>
<status status="FAIL" start="2026-01-02T15:37:25.094369" elapsed="0.048454">Recursive execution stopped.</status>
</kw>
<status status="FAIL" start="2026-01-02T15:37:25.094205" elapsed="0.048705">Recursive execution stopped.</status>
</kw>
<status status="FAIL" start="2026-01-02T15:37:25.093915" elapsed="0.049120">Recursive execution stopped.</status>
</kw>
<status status="FAIL" start="2026-01-02T15:37:25.093701" elapsed="0.049433">Recursive execution stopped.</status>
</kw>
<status status="FAIL" start="2026-01-02T15:37:25.093546" elapsed="0.049661">Recursive execution stopped.</status>
</kw>
<status status="FAIL" start="2026-01-02T15:37:25.093387" elapsed="0.049891">Recursive execution stopped.</status>
</kw>
<status status="FAIL" start="2026-01-02T15:37:25.093259" elapsed="0.050088">Recursive execution stopped.</status>
</kw>
<status status="FAIL" start="2026-01-02T15:37:25.093129" elapsed="0.050286">Recursive execution stopped.</status>
</kw>
<status status="FAIL" start="2026-01-02T15:37:25.093001" elapsed="0.050484">Recursive execution stopped.</status>
</kw>
<status status="FAIL" start="2026-01-02T15:37:25.092871" elapsed="0.050681">Recursive execution stopped.</status>
</kw>
<status status="FAIL" start="2026-01-02T15:37:25.092742" elapsed="0.050887">Recursive execution stopped.</status>
</kw>
<status status="FAIL" start="2026-01-02T15:37:25.092608" elapsed="0.051093">Recursive execution stopped.</status>
</kw>
<status status="FAIL" start="2026-01-02T15:37:25.092464" elapsed="0.051306">Recursive execution stopped.</status>
</kw>
<status status="FAIL" start="2026-01-02T15:37:25.092278" elapsed="0.051566">Recursive execution stopped.</status>
</kw>
<status status="FAIL" start="2026-01-02T15:37:25.089645" elapsed="0.054392">Variable '${BROWSER}' not found.

Also teardown failed:
Recursive execution stopped.</status>
</test>
<test id="s1-t4" name="UAT-Lab04-002-02 Empty Last Name" line="29">
<kw name="Open Registration Page" owner="resource">
<kw name="Open Browser" owner="SeleniumLibrary">
<msg time="2026-01-02T15:37:25.145595" level="FAIL">Variable '${BROWSER}' not found.</msg>
<arg>${URL}</arg>
<arg>${BROWSER}</arg>
<doc>Opens a new browser instance to the optional ``url``.</doc>
<status status="FAIL" start="2026-01-02T15:37:25.145220" elapsed="0.000410">Variable '${BROWSER}' not found.</status>
</kw>
<kw name="Maximize Browser Window" owner="SeleniumLibrary">
<doc>Maximizes current browser window.</doc>
<status status="NOT RUN" start="2026-01-02T15:37:25.145727" elapsed="0.000021"/>
</kw>
<status status="FAIL" start="2026-01-02T15:37:25.145008" elapsed="0.000809">Variable '${BROWSER}' not found.</status>
</kw>
<kw name="Input Registration Data" owner="resource">
<arg>Somyod</arg>
<arg>${EMPTY}</arg>
<arg>CS KKU</arg>
<arg>somyod@kkumail.com</arg>
<arg>091-001-1234</arg>
<status status="NOT RUN" start="2026-01-02T15:37:25.146060" elapsed="0.000034"/>
</kw>
<kw name="Submit Registration" owner="resource">
<status status="NOT RUN" start="2026-01-02T15:37:25.146247" elapsed="0.000022"/>
</kw>
<kw name="Page Should Contain" owner="SeleniumLibrary">
<arg>Please enter your last name!!</arg>
<doc>Verifies that current page contains ``text``.</doc>
<status status="NOT RUN" start="2026-01-02T15:37:25.146386" elapsed="0.000021"/>
</kw>
<kw name="Close Browser" owner="resource" type="TEARDOWN">
<kw name="Close Browser" owner="resource">
<kw name="Close Browser" owner="resource">
<kw name="Close Browser" owner="resource">
<kw name="Close Browser" owner="resource">
<kw name="Close Browser" owner="resource">
<kw name="Close Browser" owner="resource">
<kw name="Close Browser" owner="resource">
<kw name="Close Browser" owner="resource">
<kw name="Close Browser" owner="resource">
<kw name="Close Browser" owner="resource">
<kw name="Close Browser" owner="resource">
<kw name="Close Browser" owner="resource">
<kw name="Close Browser" owner="resource">
<kw name="Close Browser" owner="resource">
<kw name="Close Browser" owner="resource">
<kw name="Close Browser" owner="resource">
[...]
<kw name="Close Browser" owner="resource">
<kw name="Close Browser" owner="resource">
<kw name="Close Browser" owner="resource">
<kw name="Close Browser" owner="resource">
<kw name="Close Browser" owner="resource">
<kw name="Close Browser" owner="resource">
<kw name="Close Browser" owner="resource">
<kw name="Close Browser" owner="resource">
<kw name="Close Browser" owner="resource">
<kw name="Close Browser" owner="resource">
<kw name="Close Browser" owner="resource">
<kw name="Close Browser" owner="resource">
<kw name="Close Browser" owner="resource">
<kw name="Close Browser" owner="resource">
<kw name="Close Browser" owner="resource">
<kw name="Close Browser" owner="resource">
<kw name="Close Browser" owner="resource">
<kw name="Close Browser" owner="resource">
<kw name="Close Browser" owner="resource">
<kw name="Close Browser" owner="resource">
<kw name="Close Browser" owner="resource">
<kw name="Close Browser" owner="resource">
<kw name="Close Browser" owner="resource">
<kw name="Close Browser" owner="resource">
<kw name="Close Browser" owner="resource">
<kw name="Close Browser" owner="resource">
<kw name="Close Browser" owner="resource">
<kw name="Close Browser" owner="resource">
<kw name="Close Browser" owner="resource">
<kw name="Close Browser" owner="resource">
<kw name="Close Browser" owner="resource">
<kw name="Close Browser" owner="resource">
<kw name="Close Browser" owner="resource">
<kw name="Close Browser" owner="resource">
<kw name="Close Browser" owner="resource">
<msg time="2026-01-02T15:37:25.280159" level="FAIL">Recursive execution stopped.</msg>
<status status="FAIL" start="2026-01-02T15:37:25.279880" elapsed="0.000312">Recursive execution stopped.</status>
</kw>
<status status="FAIL" start="2026-01-02T15:37:25.279745" elapsed="0.000675">Recursive execution stopped.</status>
</kw>
<status status="FAIL" start="2026-01-02T15:37:25.279608" elapsed="0.001065">Recursive execution stopped.</status>
</kw>
<status status="FAIL" start="2026-01-02T15:37:25.279459" elapsed="0.001404">Recursive execution stopped.</status>
</kw>
<status status="FAIL" start="2026-01-02T15:37:25.279313" elapsed="0.001739">Recursive execution stopped.</status>
</kw>
<status status="FAIL" start="2026-01-02T15:37:25.279021" elapsed="0.002262">Recursive execution stopped.</status>
</kw>
<status status="FAIL" start="2026-01-02T15:37:25.278723" elapsed="0.002758">Recursive execution stopped.</status>
</kw>
<status status="FAIL" start="2026-01-02T15:37:25.278588" elapsed="0.003108">Recursive execution stopped.</status>
</kw>
<status status="FAIL" start="2026-01-02T15:37:25.278448" elapsed="0.003441">Recursive execution stopped.</status>
</kw>
<status status="FAIL" start="2026-01-02T15:37:25.278307" elapsed="0.003805">Recursive execution stopped.</status>
</kw>
<status status="FAIL" start="2026-01-02T15:37:25.278160" elapsed="0.004152">Recursive execution stopped.</status>
</kw>
<status status="FAIL" start="2026-01-02T15:37:25.278011" elapsed="0.004482">Recursive execution stopped.</status>
</kw>
<status status="FAIL" start="2026-01-02T15:37:25.277863" elapsed="0.004806">Recursive execution stopped.</status>
</kw>
<status status="FAIL" start="2026-01-02T15:37:25.277726" elapsed="0.005120">Recursive execution stopped.</status>
</kw>
<status status="FAIL" start="2026-01-02T15:37:25.277587" elapsed="0.005431">Recursive execution stopped.</status>
</kw>
<status status="FAIL" start="2026-01-02T15:37:25.277452" elapsed="0.005736">Recursive execution stopped.</status>
</kw>
<status status="FAIL" start="2026-01-02T15:37:25.277305" elapsed="0.006053">Recursive execution stopped.</status>
</kw>
<status status="FAIL" start="2026-01-02T15:37:25.277166" elapsed="0.006368">Recursive execution stopped.</status>
</kw>
<status status="FAIL" start="2026-01-02T15:37:25.277003" elapsed="0.006701">Recursive execution stopped.</status>
</kw>
<status status="FAIL" start="2026-01-02T15:37:25.276806" elapsed="0.007111">Recursive execution stopped.</status>
</kw>
<status status="FAIL" start="2026-01-02T15:37:25.276447" elapsed="0.007646">Recursive execution stopped.</status>
</kw>
<status status="FAIL" start="2026-01-02T15:37:25.276269" elapsed="0.008031">Recursive execution stopped.</status>
</kw>
<status status="FAIL" start="2026-01-02T15:37:25.276128" elapsed="0.008338">Recursive execution stopped.</status>
</kw>
<status status="FAIL" start="2026-01-02T15:37:25.275986" elapsed="0.008645">Recursive execution stopped.</status>
</kw>
<status status="FAIL" start="2026-01-02T15:37:25.275829" elapsed="0.008966">Recursive execution stopped.</status>
</kw>
<status status="FAIL" start="2026-01-02T15:37:25.275599" elapsed="0.009357">Recursive execution stopped.</status>
</kw>
<status status="FAIL" start="2026-01-02T15:37:25.275108" elapsed="0.010008">Recursive execution stopped.</status>
</kw>
<status status="FAIL" start="2026-01-02T15:37:25.274907" elapsed="0.010368">Recursive execution stopped.</status>
</kw>
<status status="FAIL" start="2026-01-02T15:37:25.274731" elapsed="0.010709">Recursive execution stopped.</status>
</kw>
<status status="FAIL" start="2026-01-02T15:37:25.274542" elapsed="0.011058">Recursive execution stopped.</status>
</kw>
<status status="FAIL" start="2026-01-02T15:37:25.274318" elapsed="0.011444">Recursive execution stopped.</status>
</kw>
<status status="FAIL" start="2026-01-02T15:37:25.274010" elapsed="0.011909">Recursive execution stopped.</status>
</kw>
<status status="FAIL" start="2026-01-02T15:37:25.273614" elapsed="0.012462">Recursive execution stopped.</status>
</kw>
<status status="FAIL" start="2026-01-02T15:37:25.273447" elapsed="0.012782">Recursive execution stopped.</status>
</kw>
<status status="FAIL" start="2026-01-02T15:37:25.273115" elapsed="0.014541">Recursive execution stopped.</status>
</kw>
<status status="FAIL" start="2026-01-02T15:37:25.272898" elapsed="0.014956">Recursive execution stopped.</status>
</kw>
<status status="FAIL" start="2026-01-02T15:37:25.272741" elapsed="0.015316">Recursive execution stopped.</status>
</kw>
<status status="FAIL" start="2026-01-02T15:37:25.272603" elapsed="0.015674">Recursive execution stopped.</status>
</kw>
<status status="FAIL" start="2026-01-02T15:37:25.272468" elapsed="0.015969">Recursive execution stopped.</status>
</kw>
<status status="FAIL" start="2026-01-02T15:37:25.272323" elapsed="0.016281">Recursive execution stopped.</status>
</kw>
<status status="FAIL" start="2026-01-02T15:37:25.272185" elapsed="0.016573">Recursive execution stopped.</status>
</kw>
<status status="FAIL" start="2026-01-02T15:37:25.272049" elapsed="0.016859">Recursive execution stopped.</status>
</kw>
<status status="FAIL" start="2026-01-02T15:37:25.271910" elapsed="0.017148">Recursive execution stopped.</status>
</kw>
<status status="FAIL" start="2026-01-02T15:37:25.271763" elapsed="0.017448">Recursive execution stopped.</status>
</kw>
<status status="FAIL" start="2026-01-02T15:37:25.271595" elapsed="0.017766">Recursive execution stopped.</status>
</kw>
<status status="FAIL" start="2026-01-02T15:37:25.271431" elapsed="0.018087">Recursive execution stopped.</status>
</kw>
<status status="FAIL" start="2026-01-02T15:37:25.271300" elapsed="0.018369">Recursive execution stopped.</status>
</kw>
<status status="FAIL" start="2026-01-02T15:37:25.271135" elapsed="0.018679">Recursive execution stopped.</status>
</kw>
<status status="FAIL" start="2026-01-02T15:37:25.270910" elapsed="0.021203">Recursive execution stopped.</status>
</kw>
<status status="FAIL" start="2026-01-02T15:37:25.270497" elapsed="0.021873">Recursive execution stopped.</status>
</kw>
<status status="FAIL" start="2026-01-02T15:37:25.270261" elapsed="0.022269">Recursive execution stopped.</status>
</kw>
<status status="FAIL" start="2026-01-02T15:37:25.269958" elapsed="0.022715">Recursive execution stopped.</status>
</kw>
<status status="FAIL" start="2026-01-02T15:37:25.269771" elapsed="0.023043">Recursive execution stopped.</status>
</kw>
<status status="FAIL" start="2026-01-02T15:37:25.269564" elapsed="0.023392">Recursive execution stopped.</status>
</kw>
<status status="FAIL" start="2026-01-02T15:37:25.269354" elapsed="0.023746">Recursive execution stopped.</status>
</kw>
<status status="FAIL" start="2026-01-02T15:37:25.269214" elapsed="0.024023">Recursive execution stopped.</status>
</kw>
<status status="FAIL" start="2026-01-02T15:37:25.269035" elapsed="0.024340">Recursive execution stopped.</status>
</kw>
<status status="FAIL" start="2026-01-02T15:37:25.268850" elapsed="0.024670">Recursive execution stopped.</status>
</kw>
<status status="FAIL" start="2026-01-02T15:37:25.268689" elapsed="0.024972">Recursive execution stopped.</status>
</kw>
<status status="FAIL" start="2026-01-02T15:37:25.268534" elapsed="0.025261">Recursive execution stopped.</status>
</kw>
<status status="FAIL" start="2026-01-02T15:37:25.268402" elapsed="0.025528">Recursive execution stopped.</status>
</kw>
<status status="FAIL" start="2026-01-02T15:37:25.268262" elapsed="0.025800">Recursive execution stopped.</status>
</kw>
<status status="FAIL" start="2026-01-02T15:37:25.268078" elapsed="0.026145">Recursive execution stopped.</status>
</kw>
<status status="FAIL" start="2026-01-02T15:37:25.267610" elapsed="0.026775">Recursive execution stopped.</status>
</kw>
<status status="FAIL" start="2026-01-02T15:37:25.267286" elapsed="0.027264">Recursive execution stopped.</status>
</kw>
<status status="FAIL" start="2026-01-02T15:37:25.267141" elapsed="0.027540">Recursive execution stopped.</status>
</kw>
<status status="FAIL" start="2026-01-02T15:37:25.266900" elapsed="0.027912">Recursive execution stopped.</status>
</kw>
<status status="FAIL" start="2026-01-02T15:37:25.266620" elapsed="0.028319">Recursive execution stopped.</status>
</kw>
<status status="FAIL" start="2026-01-02T15:37:25.266210" elapsed="0.028857">Recursive execution stopped.</status>
</kw>
<status status="FAIL" start="2026-01-02T15:37:25.265863" elapsed="0.029397">Recursive execution stopped.</status>
</kw>
<status status="FAIL" start="2026-01-02T15:37:25.265734" elapsed="0.029656">Recursive execution stopped.</status>
</kw>
<status status="FAIL" start="2026-01-02T15:37:25.265604" elapsed="0.029920">Recursive execution stopped.</status>
</kw>
<status status="FAIL" start="2026-01-02T15:37:25.265474" elapsed="0.030176">Recursive execution stopped.</status>
</kw>
<status status="FAIL" start="2026-01-02T15:37:25.265343" elapsed="0.030434">Recursive execution stopped.</status>
</kw>
<status status="FAIL" start="2026-01-02T15:37:25.265209" elapsed="0.030690">Recursive execution stopped.</status>
</kw>
<status status="FAIL" start="2026-01-02T15:37:25.265080" elapsed="0.030940">Recursive execution stopped.</status>
</kw>
<status status="FAIL" start="2026-01-02T15:37:25.264951" elapsed="0.031189">Recursive execution stopped.</status>
</kw>
<status status="FAIL" start="2026-01-02T15:37:25.264702" elapsed="0.031612">Recursive execution stopped.</status>
</kw>
<status status="FAIL" start="2026-01-02T15:37:25.264441" elapsed="0.031994">Recursive execution stopped.</status>
</kw>
<status status="FAIL" start="2026-01-02T15:37:25.264311" elapsed="0.032273">Recursive execution stopped.</status>
</kw>
<status status="FAIL" start="2026-01-02T15:37:25.264184" elapsed="0.032518">Recursive execution stopped.</status>
</kw>
<status status="FAIL" start="2026-01-02T15:37:25.264054" elapsed="0.032763">Recursive execution stopped.</status>
</kw>
<status status="FAIL" start="2026-01-02T15:37:25.263924" elapsed="0.033118">Recursive execution stopped.</status>
</kw>
<status status="FAIL" start="2026-01-02T15:37:25.263789" elapsed="0.033388">Recursive execution stopped.</status>
</kw>
<status status="FAIL" start="2026-01-02T15:37:25.263662" elapsed="0.033645">Recursive execution stopped.</status>
</kw>
<status status="FAIL" start="2026-01-02T15:37:25.263536" elapsed="0.033895">Recursive execution stopped.</status>
</kw>
<status status="FAIL" start="2026-01-02T15:37:25.263409" elapsed="0.034140">Recursive execution stopped.</status>
</kw>
<status status="FAIL" start="2026-01-02T15:37:25.263280" elapsed="0.034379">Recursive execution stopped.</status>
</kw>
<status status="FAIL" start="2026-01-02T15:37:25.263149" elapsed="0.034623">Recursive execution stopped.</status>
</kw>
<status status="FAIL" start="2026-01-02T15:37:25.263022" elapsed="0.034863">Recursive execution stopped.</status>
</kw>
<status status="FAIL" start="2026-01-02T15:37:25.262893" elapsed="0.035099">Recursive execution stopped.</status>
</kw>
<status status="FAIL" start="2026-01-02T15:37:25.262731" elapsed="0.035415">Recursive execution stopped.</status>
</kw>
<status status="FAIL" start="2026-01-02T15:37:25.262410" elapsed="0.035846">Recursive execution stopped.</status>
</kw>
<status status="FAIL" start="2026-01-02T15:37:25.262262" elapsed="0.036138">Recursive execution stopped.</status>
</kw>
<status status="FAIL" start="2026-01-02T15:37:25.262134" elapsed="0.036369">Recursive execution stopped.</status>
</kw>
<status status="FAIL" start="2026-01-02T15:37:25.262008" elapsed="0.036596">Recursive execution stopped.</status>
</kw>
<status status="FAIL" start="2026-01-02T15:37:25.261876" elapsed="0.036831">Recursive execution stopped.</status>
</kw>
<status status="FAIL" start="2026-01-02T15:37:25.261745" elapsed="0.037063">Recursive execution stopped.</status>
</kw>
<status status="FAIL" start="2026-01-02T15:37:25.261618" elapsed="0.037288">Recursive execution stopped.</status>
</kw>
<status status="FAIL" start="2026-01-02T15:37:25.261486" elapsed="0.037521">Recursive execution stopped.</status>
</kw>
<status status="FAIL" start="2026-01-02T15:37:25.261351" elapsed="0.037753">Recursive execution stopped.</status>
</kw>
<status status="FAIL" start="2026-01-02T15:37:25.261092" elapsed="0.038109">Recursive execution stopped.</status>
</kw>
<status status="FAIL" start="2026-01-02T15:37:25.260966" elapsed="0.038334">Recursive execution stopped.</status>
</kw>
<status status="FAIL" start="2026-01-02T15:37:25.260834" elapsed="0.038565">Recursive execution stopped.</status>
</kw>
<status status="FAIL" start="2026-01-02T15:37:25.260700" elapsed="0.038799">Recursive execution stopped.</status>
</kw>
<status status="FAIL" start="2026-01-02T15:37:25.260566" elapsed="0.039034">Recursive execution stopped.</status>
</kw>
<status status="FAIL" start="2026-01-02T15:37:25.260290" elapsed="0.039936">Recursive execution stopped.</status>
</kw>
<status status="FAIL" start="2026-01-02T15:37:25.260090" elapsed="0.040249">Recursive execution stopped.</status>
</kw>
<status status="FAIL" start="2026-01-02T15:37:25.259960" elapsed="0.040488">Recursive execution stopped.</status>
</kw>
<status status="FAIL" start="2026-01-02T15:37:25.259829" elapsed="0.040711">Recursive execution stopped.</status>
</kw>
<status status="FAIL" start="2026-01-02T15:37:25.259700" elapsed="0.040931">Recursive execution stopped.</status>
</kw>
<status status="FAIL" start="2026-01-02T15:37:25.259573" elapsed="0.041146">Recursive execution stopped.</status>
</kw>
<status status="FAIL" start="2026-01-02T15:37:25.259447" elapsed="0.041358">Recursive execution stopped.</status>
</kw>
<status status="FAIL" start="2026-01-02T15:37:25.259315" elapsed="0.041575">Recursive execution stopped.</status>
</kw>
<status status="FAIL" start="2026-01-02T15:37:25.259122" elapsed="0.041854">Recursive execution stopped.</status>
</kw>
<status status="FAIL" start="2026-01-02T15:37:25.258950" elapsed="0.042111">Recursive execution stopped.</status>
</kw>
<status status="FAIL" start="2026-01-02T15:37:25.258814" elapsed="0.042333">Recursive execution stopped.</status>
</kw>
<status status="FAIL" start="2026-01-02T15:37:25.258681" elapsed="0.042550">Recursive execution stopped.</status>
</kw>
<status status="FAIL" start="2026-01-02T15:37:25.258552" elapsed="0.042763">Recursive execution stopped.</status>
</kw>
<status status="FAIL" start="2026-01-02T15:37:25.258419" elapsed="0.042979">Recursive execution stopped.</status>
</kw>
<status status="FAIL" start="2026-01-02T15:37:25.258242" elapsed="0.043846">Recursive execution stopped.</status>
</kw>
<status status="FAIL" start="2026-01-02T15:37:25.257966" elapsed="0.044223">Recursive execution stopped.</status>
</kw>
<status status="FAIL" start="2026-01-02T15:37:25.257835" elapsed="0.044446">Recursive execution stopped.</status>
</kw>
<status status="FAIL" start="2026-01-02T15:37:25.257706" elapsed="0.044656">Recursive execution stopped.</status>
</kw>
<status status="FAIL" start="2026-01-02T15:37:25.257580" elapsed="0.044858">Recursive execution stopped.</status>
</kw>
<status status="FAIL" start="2026-01-02T15:37:25.257450" elapsed="0.045064">Recursive execution stopped.</status>
</kw>
<status status="FAIL" start="2026-01-02T15:37:25.257321" elapsed="0.045269">Recursive execution stopped.</status>
</kw>
<status status="FAIL" start="2026-01-02T15:37:25.257184" elapsed="0.045482">Recursive execution stopped.</status>
</kw>
<status status="FAIL" start="2026-01-02T15:37:25.257056" elapsed="0.045685">Recursive execution stopped.</status>
</kw>
<status status="FAIL" start="2026-01-02T15:37:25.256922" elapsed="0.045893">Recursive execution stopped.</status>
</kw>
<status status="FAIL" start="2026-01-02T15:37:25.256788" elapsed="0.046100">Recursive execution stopped.</status>
</kw>
<status status="FAIL" start="2026-01-02T15:37:25.256661" elapsed="0.046300">Recursive execution stopped.</status>
</kw>
<status status="FAIL" start="2026-01-02T15:37:25.256528" elapsed="0.046505">Recursive execution stopped.</status>
</kw>
<status status="FAIL" start="2026-01-02T15:37:25.256394" elapsed="0.046710">Recursive execution stopped.</status>
</kw>
<status status="FAIL" start="2026-01-02T15:37:25.256237" elapsed="0.046948">Recursive execution stopped.</status>
</kw>
<status status="FAIL" start="2026-01-02T15:37:25.255937" elapsed="0.047349">Recursive execution stopped.</status>
</kw>
<status status="FAIL" start="2026-01-02T15:37:25.255741" elapsed="0.047696">Recursive execution stopped.</status>
</kw>
<status status="FAIL" start="2026-01-02T15:37:25.255606" elapsed="0.047918">Recursive execution stopped.</status>
</kw>
<status status="FAIL" start="2026-01-02T15:37:25.255464" elapsed="0.048128">Recursive execution stopped.</status>
</kw>
<status status="FAIL" start="2026-01-02T15:37:25.255315" elapsed="0.048346">Recursive execution stopped.</status>
</kw>
<status status="FAIL" start="2026-01-02T15:37:25.255115" elapsed="0.048613">Recursive execution stopped.</status>
</kw>
<status status="FAIL" start="2026-01-02T15:37:25.254574" elapsed="0.049219">Recursive execution stopped.</status>
</kw>
<status status="FAIL" start="2026-01-02T15:37:25.254438" elapsed="0.049416">Recursive execution stopped.</status>
</kw>
<status status="FAIL" start="2026-01-02T15:37:25.254302" elapsed="0.049615">Recursive execution stopped.</status>
</kw>
<status status="FAIL" start="2026-01-02T15:37:25.254155" elapsed="0.049823">Recursive execution stopped.</status>
</kw>
<status status="FAIL" start="2026-01-02T15:37:25.254001" elapsed="0.050035">Recursive execution stopped.</status>
</kw>
<status status="FAIL" start="2026-01-02T15:37:25.253771" elapsed="0.050323">Recursive execution stopped.</status>
</kw>
<status status="FAIL" start="2026-01-02T15:37:25.251271" elapsed="0.053049">Variable '${BROWSER}' not found.

Also teardown failed:
Recursive execution stopped.</status>
</test>
<status status="FAIL" start="2026-01-02T15:37:24.747371" elapsed="0.557689"/>
</suite>
<statistics>
<total>
<stat pass="0" fail="6" skip="0">All Tests</stat>
</total>
<tag>
</tag>
<suite>
<stat name="Registration" id="s1" pass="0" fail="6" skip="0">Registration</stat>
</suite>
</statistics>
<errors>
<msg time="2026-01-02T15:37:24.779589" level="ERROR">Error in file 'C:\Test01\Lab04_663380404-9\TestAutomationLab\resources\resource.robot' on line 6: Setting variable '${BROWSER} chrome' failed: Invalid variable name '${BROWSER} chrome'.</msg>
</errors>
</robot>
