<?xml version="1.0" encoding="UTF-8"?>
<robot generator="Robot 7.4.1 (Python 3.13.3 on win32)" generated="2026-01-02T16:46:41.188317" rpa="false" schemaversion="5">
<suite id="s1" name="Registration" source="C:\Test01\Lab04_663380404-9\TestAutomationLab\tests\registration.robot">
<test id="s1-t1" name="UAT-Lab04-001 Register Success" line="6">
<kw name="Open Registration Page" owner="resource">
<kw name="Open Browser" owner="SeleniumLibrary">
<msg time="2026-01-02T16:46:41.776116" level="INFO">Opening browser 'chrome' to base url 'http://localhost:7272/Lab4/Registration.html'.</msg>
<arg>${URL}</arg>
<arg>${BROWSER}</arg>
<doc>Opens a new browser instance to the optional ``url``.</doc>
<status status="PASS" start="2026-01-02T16:46:41.775899" elapsed="3.132841"/>
</kw>
<kw name="Maximize Browser Window" owner="SeleniumLibrary">
<doc>Maximizes current browser window.</doc>
<status status="PASS" start="2026-01-02T16:46:44.909346" elapsed="0.055285"/>
</kw>
<status status="PASS" start="2026-01-02T16:46:41.775361" elapsed="3.189742"/>
</kw>
<kw name="Input Registration Data" owner="resource">
<kw name="Input Text" owner="SeleniumLibrary">
<msg time="2026-01-02T16:46:44.967230" level="INFO">Typing text 'Somyod' into text field 'id=firstname'.</msg>
<arg>id=firstname</arg>
<arg>${fname}</arg>
<doc>Types the given ``text`` into the text field identified by ``locator``.</doc>
<status status="PASS" start="2026-01-02T16:46:44.966595" elapsed="0.192171"/>
</kw>
<kw name="Input Text" owner="SeleniumLibrary">
<msg time="2026-01-02T16:46:45.159491" level="INFO">Typing text 'Sodsai' into text field 'id=lastname'.</msg>
<arg>id=lastname</arg>
<arg>${lname}</arg>
<doc>Types the given ``text`` into the text field identified by ``locator``.</doc>
<status status="PASS" start="2026-01-02T16:46:45.159063" elapsed="0.156560"/>
</kw>
<kw name="Input Text" owner="SeleniumLibrary">
<msg time="2026-01-02T16:46:45.317042" level="INFO">Typing text 'CS KKU' into text field 'id=organization'.</msg>
<arg>id=organization</arg>
<arg>${org}</arg>
<doc>Types the given ``text`` into the text field identified by ``locator``.</doc>
<status status="PASS" start="2026-01-02T16:46:45.316337" elapsed="0.186879"/>
</kw>
<kw name="Input Text" owner="SeleniumLibrary">
<msg time="2026-01-02T16:46:45.503920" level="INFO">Typing text 'somyod@kkumail.com' into text field 'id=email'.</msg>
<arg>id=email</arg>
<arg>${email}</arg>
<doc>Types the given ``text`` into the text field identified by ``locator``.</doc>
<status status="PASS" start="2026-01-02T16:46:45.503522" elapsed="0.151485"/>
</kw>
<kw name="Input Text" owner="SeleniumLibrary">
<msg time="2026-01-02T16:46:45.655734" level="INFO">Typing text '091-001-1234' into text field 'id=phone'.</msg>
<arg>id=phone</arg>
<arg>${phone}</arg>
<doc>Types the given ``text`` into the text field identified by ``locator``.</doc>
<status status="PASS" start="2026-01-02T16:46:45.655309" elapsed="0.092606"/>
</kw>
<arg>Somyod</arg>
<arg>Sodsai</arg>
<arg>CS KKU</arg>
<arg>somyod@kkumail.com</arg>
<arg>091-001-1234</arg>
<status status="PASS" start="2026-01-02T16:46:44.965973" elapsed="0.782128"/>
</kw>
<kw name="Submit Registration" owner="resource">
<kw name="Click Button" owner="SeleniumLibrary">
<msg time="2026-01-02T16:46:45.749371" level="INFO">Clicking button 'id=registerButton'.</msg>
<arg>id=registerButton</arg>
<doc>Clicks the button identified by ``locator``.</doc>
<status status="PASS" start="2026-01-02T16:46:45.749099" elapsed="0.114825"/>
</kw>
<status status="PASS" start="2026-01-02T16:46:45.748696" elapsed="0.115417"/>
</kw>
<kw name="Title Should Be" owner="SeleniumLibrary">
<msg time="2026-01-02T16:46:45.870312" level="INFO">Page title is 'Success'.</msg>
<arg>Success</arg>
<doc>Verifies that the current page title equals ``title``.</doc>
<status status="PASS" start="2026-01-02T16:46:45.864473" elapsed="0.005979"/>
</kw>
<kw name="Page Should Contain" owner="SeleniumLibrary">
<msg time="2026-01-02T16:46:45.884878" level="INFO">Current page contains text 'Thank you for registering with us.'.</msg>
<arg>Thank you for registering with us.</arg>
<doc>Verifies that current page contains ``text``.</doc>
<status status="PASS" start="2026-01-02T16:46:45.870835" elapsed="0.014185"/>
</kw>
<kw name="Page Should Contain" owner="SeleniumLibrary">
<msg time="2026-01-02T16:46:45.900416" level="INFO">Current page contains text 'We will send a confirmation to your email soon.'.</msg>
<arg>We will send a confirmation to your email soon.</arg>
<doc>Verifies that current page contains ``text``.</doc>
<status status="PASS" start="2026-01-02T16:46:45.885479" elapsed="0.015037"/>
</kw>
<kw name="Close Browser" owner="SeleniumLibrary" type="TEARDOWN">
<doc>Closes the current browser.</doc>
<status status="PASS" start="2026-01-02T16:46:45.901028" elapsed="2.362624"/>
</kw>
<status status="PASS" start="2026-01-02T16:46:41.774717" elapsed="6.489220"/>
</test>
<test id="s1-t2" name="UAT-Lab04-001-02 Register Success Without Organization" line="15">
<kw name="Open Registration Page" owner="resource">
<kw name="Open Browser" owner="SeleniumLibrary">
<msg time="2026-01-02T16:46:48.266066" level="INFO">Opening browser 'chrome' to base url 'http://localhost:7272/Lab4/Registration.html'.</msg>
<arg>${URL}</arg>
<arg>${BROWSER}</arg>
<doc>Opens a new browser instance to the optional ``url``.</doc>
<status status="PASS" start="2026-01-02T16:46:48.265695" elapsed="1.844055"/>
</kw>
<kw name="Maximize Browser Window" owner="SeleniumLibrary">
<doc>Maximizes current browser window.</doc>
<status status="PASS" start="2026-01-02T16:46:50.110014" elapsed="0.046816"/>
</kw>
<status status="PASS" start="2026-01-02T16:46:48.265379" elapsed="1.891567"/>
</kw>
<kw name="Input Registration Data" owner="resource">
<kw name="Input Text" owner="SeleniumLibrary">
<msg time="2026-01-02T16:46:50.158514" level="INFO">Typing text 'Somyod' into text field 'id=firstname'.</msg>
<arg>id=firstname</arg>
<arg>${fname}</arg>
<doc>Types the given ``text`` into the text field identified by ``locator``.</doc>
<status status="PASS" start="2026-01-02T16:46:50.158321" elapsed="0.162923"/>
</kw>
<kw name="Input Text" owner="SeleniumLibrary">
<msg time="2026-01-02T16:46:50.322031" level="INFO">Typing text 'Sodsai' into text field 'id=lastname'.</msg>
<arg>id=lastname</arg>
<arg>${lname}</arg>
<doc>Types the given ``text`` into the text field identified by ``locator``.</doc>
<status status="PASS" start="2026-01-02T16:46:50.321591" elapsed="0.147493"/>
</kw>
<kw name="Input Text" owner="SeleniumLibrary">
<msg time="2026-01-02T16:46:50.470278" level="INFO">Typing text '' into text field 'id=organization'.</msg>
<arg>id=organization</arg>
<arg>${org}</arg>
<doc>Types the given ``text`` into the text field identified by ``locator``.</doc>
<status status="PASS" start="2026-01-02T16:46:50.469416" elapsed="0.147202"/>
</kw>
<kw name="Input Text" owner="SeleniumLibrary">
<msg time="2026-01-02T16:46:50.618102" level="INFO">Typing text 'somyod@kkumail.com' into text field 'id=email'.</msg>
<arg>id=email</arg>
<arg>${email}</arg>
<doc>Types the given ``text`` into the text field identified by ``locator``.</doc>
<status status="PASS" start="2026-01-02T16:46:50.617243" elapsed="0.175706"/>
</kw>
<kw name="Input Text" owner="SeleniumLibrary">
<msg time="2026-01-02T16:46:50.794018" level="INFO">Typing text '091-001-1234' into text field 'id=phone'.</msg>
<arg>id=phone</arg>
<arg>${phone}</arg>
<doc>Types the given ``text`` into the text field identified by ``locator``.</doc>
<status status="PASS" start="2026-01-02T16:46:50.793396" elapsed="0.146465"/>
</kw>
<arg>Somyod</arg>
<arg>Sodsai</arg>
<arg>${EMPTY}</arg>
<arg>somyod@kkumail.com</arg>
<arg>091-001-1234</arg>
<status status="PASS" start="2026-01-02T16:46:50.157456" elapsed="0.782825"/>
</kw>
<kw name="Submit Registration" owner="resource">
<kw name="Click Button" owner="SeleniumLibrary">
<msg time="2026-01-02T16:46:50.941508" level="INFO">Clicking button 'id=registerButton'.</msg>
<arg>id=registerButton</arg>
<doc>Clicks the button identified by ``locator``.</doc>
<status status="PASS" start="2026-01-02T16:46:50.941236" elapsed="0.179114"/>
</kw>
<status status="PASS" start="2026-01-02T16:46:50.940829" elapsed="0.180662"/>
</kw>
<kw name="Title Should Be" owner="SeleniumLibrary">
<msg time="2026-01-02T16:46:51.135257" level="INFO">Page title is 'Success'.</msg>
<arg>Success</arg>
<doc>Verifies that the current page title equals ``title``.</doc>
<status status="PASS" start="2026-01-02T16:46:51.122580" elapsed="0.012870"/>
</kw>
<kw name="Close Browser" owner="SeleniumLibrary" type="TEARDOWN">
<doc>Closes the current browser.</doc>
<status status="PASS" start="2026-01-02T16:46:51.136495" elapsed="2.422778"/>
</kw>
<status status="PASS" start="2026-01-02T16:46:48.264755" elapsed="5.294745"/>
</test>
<test id="s1-t3" name="UAT-Lab04-002-01 Empty First Name" line="22">
<kw name="Open Registration Page" owner="resource">
<kw name="Open Browser" owner="SeleniumLibrary">
<msg time="2026-01-02T16:46:53.561657" level="INFO">Opening browser 'chrome' to base url 'http://localhost:7272/Lab4/Registration.html'.</msg>
<arg>${URL}</arg>
<arg>${BROWSER}</arg>
<doc>Opens a new browser instance to the optional ``url``.</doc>
<status status="PASS" start="2026-01-02T16:46:53.561224" elapsed="1.833282"/>
</kw>
<kw name="Maximize Browser Window" owner="SeleniumLibrary">
<doc>Maximizes current browser window.</doc>
<status status="PASS" start="2026-01-02T16:46:55.395154" elapsed="0.085734"/>
</kw>
<status status="PASS" start="2026-01-02T16:46:53.560638" elapsed="1.920920"/>
</kw>
<kw name="Input Registration Data" owner="resource">
<kw name="Input Text" owner="SeleniumLibrary">
<msg time="2026-01-02T16:46:55.492346" level="INFO">Typing text '' into text field 'id=firstname'.</msg>
<arg>id=firstname</arg>
<arg>${fname}</arg>
<doc>Types the given ``text`` into the text field identified by ``locator``.</doc>
<status status="PASS" start="2026-01-02T16:46:55.491634" elapsed="0.173210"/>
</kw>
<kw name="Input Text" owner="SeleniumLibrary">
<msg time="2026-01-02T16:46:55.666054" level="INFO">Typing text 'Sodsai' into text field 'id=lastname'.</msg>
<arg>id=lastname</arg>
<arg>${lname}</arg>
<doc>Types the given ``text`` into the text field identified by ``locator``.</doc>
<status status="PASS" start="2026-01-02T16:46:55.665379" elapsed="0.117048"/>
</kw>
<kw name="Input Text" owner="SeleniumLibrary">
<msg time="2026-01-02T16:46:55.783115" level="INFO">Typing text 'CS KKU' into text field 'id=organization'.</msg>
<arg>id=organization</arg>
<arg>${org}</arg>
<doc>Types the given ``text`` into the text field identified by ``locator``.</doc>
<status status="PASS" start="2026-01-02T16:46:55.782701" elapsed="0.083795"/>
</kw>
<kw name="Input Text" owner="SeleniumLibrary">
<msg time="2026-01-02T16:46:55.867242" level="INFO">Typing text 'somyod@kkumail.com' into text field 'id=email'.</msg>
<arg>id=email</arg>
<arg>${email}</arg>
<doc>Types the given ``text`` into the text field identified by ``locator``.</doc>
<status status="PASS" start="2026-01-02T16:46:55.866820" elapsed="0.089848"/>
</kw>
<kw name="Input Text" owner="SeleniumLibrary">
<msg time="2026-01-02T16:46:55.957196" level="INFO">Typing text '091-001-1234' into text field 'id=phone'.</msg>
<arg>id=phone</arg>
<arg>${phone}</arg>
<doc>Types the given ``text`` into the text field identified by ``locator``.</doc>
<status status="PASS" start="2026-01-02T16:46:55.956896" elapsed="0.103224"/>
</kw>
<arg>${EMPTY}</arg>
<arg>Sodsai</arg>
<arg>CS KKU</arg>
<arg>somyod@kkumail.com</arg>
<arg>091-001-1234</arg>
<status status="PASS" start="2026-01-02T16:46:55.489752" elapsed="0.570530"/>
</kw>
<kw name="Submit Registration" owner="resource">
<kw name="Click Button" owner="SeleniumLibrary">
<msg time="2026-01-02T16:46:56.061394" level="INFO">Clicking button 'id=registerButton'.</msg>
<arg>id=registerButton</arg>
<doc>Clicks the button identified by ``locator``.</doc>
<status status="PASS" start="2026-01-02T16:46:56.061155" elapsed="0.071732"/>
</kw>
<status status="PASS" start="2026-01-02T16:46:56.060801" elapsed="0.072219"/>
</kw>
<kw name="Page Should Contain" owner="SeleniumLibrary">
<msg time="2026-01-02T16:46:56.144973" level="INFO">Current page contains text 'Please enter your first name!!'.</msg>
<arg>Please enter your first name!!</arg>
<doc>Verifies that current page contains ``text``.</doc>
<status status="PASS" start="2026-01-02T16:46:56.133304" elapsed="0.011792"/>
</kw>
<kw name="Close Browser" owner="SeleniumLibrary" type="TEARDOWN">
<doc>Closes the current browser.</doc>
<status status="PASS" start="2026-01-02T16:46:56.145577" elapsed="2.452784"/>
</kw>
<status status="PASS" start="2026-01-02T16:46:53.559996" elapsed="5.038960"/>
</test>
<test id="s1-t4" name="UAT-Lab04-002-02 Empty Last Name" line="29">
<kw name="Open Registration Page" owner="resource">
<kw name="Open Browser" owner="SeleniumLibrary">
<msg time="2026-01-02T16:46:58.600938" level="INFO">Opening browser 'chrome' to base url 'http://localhost:7272/Lab4/Registration.html'.</msg>
<arg>${URL}</arg>
<arg>${BROWSER}</arg>
<doc>Opens a new browser instance to the optional ``url``.</doc>
<status status="PASS" start="2026-01-02T16:46:58.600777" elapsed="1.815587"/>
</kw>
<kw name="Maximize Browser Window" owner="SeleniumLibrary">
<doc>Maximizes current browser window.</doc>
<status status="PASS" start="2026-01-02T16:47:00.417482" elapsed="0.052203"/>
</kw>
<status status="PASS" start="2026-01-02T16:46:58.600539" elapsed="1.869311"/>
</kw>
<kw name="Input Registration Data" owner="resource">
<kw name="Input Text" owner="SeleniumLibrary">
<msg time="2026-01-02T16:47:00.472323" level="INFO">Typing text 'Somyod' into text field 'id=firstname'.</msg>
<arg>id=firstname</arg>
<arg>${fname}</arg>
<doc>Types the given ``text`` into the text field identified by ``locator``.</doc>
<status status="PASS" start="2026-01-02T16:47:00.471765" elapsed="0.256459"/>
</kw>
<kw name="Input Text" owner="SeleniumLibrary">
<msg time="2026-01-02T16:47:00.729545" level="INFO">Typing text '' into text field 'id=lastname'.</msg>
<arg>id=lastname</arg>
<arg>${lname}</arg>
<doc>Types the given ``text`` into the text field identified by ``locator``.</doc>
<status status="PASS" start="2026-01-02T16:47:00.728532" elapsed="0.126517"/>
</kw>
<kw name="Input Text" owner="SeleniumLibrary">
<msg time="2026-01-02T16:47:00.856615" level="INFO">Typing text 'CS KKU' into text field 'id=organization'.</msg>
<arg>id=organization</arg>
<arg>${org}</arg>
<doc>Types the given ``text`` into the text field identified by ``locator``.</doc>
<status status="PASS" start="2026-01-02T16:47:00.855629" elapsed="0.141012"/>
</kw>
<kw name="Input Text" owner="SeleniumLibrary">
<msg time="2026-01-02T16:47:00.998261" level="INFO">Typing text 'somyod@kkumail.com' into text field 'id=email'.</msg>
<arg>id=email</arg>
<arg>${email}</arg>
<doc>Types the given ``text`` into the text field identified by ``locator``.</doc>
<status status="PASS" start="2026-01-02T16:47:00.997439" elapsed="0.162429"/>
</kw>
<kw name="Input Text" owner="SeleniumLibrary">
<msg time="2026-01-02T16:47:01.161480" level="INFO">Typing text '091-001-1234' into text field 'id=phone'.</msg>
<arg>id=phone</arg>
<arg>${phone}</arg>
<doc>Types the given ``text`` into the text field identified by ``locator``.</doc>
<status status="PASS" start="2026-01-02T16:47:01.160666" elapsed="0.133886"/>
</kw>
<arg>Somyod</arg>
<arg>${EMPTY}</arg>
<arg>CS KKU</arg>
<arg>somyod@kkumail.com</arg>
<arg>091-001-1234</arg>
<status status="PASS" start="2026-01-02T16:47:00.470322" elapsed="0.824752"/>
</kw>
<kw name="Submit Registration" owner="resource">
<kw name="Click Button" owner="SeleniumLibrary">
<msg time="2026-01-02T16:47:01.298133" level="INFO">Clicking button 'id=registerButton'.</msg>
<arg>id=registerButton</arg>
<doc>Clicks the button identified by ``locator``.</doc>
<status status="PASS" start="2026-01-02T16:47:01.297476" elapsed="0.116968"/>
</kw>
<status status="PASS" start="2026-01-02T16:47:01.296294" elapsed="0.118343"/>
</kw>
<kw name="Page Should Contain" owner="SeleniumLibrary">
<msg time="2026-01-02T16:47:01.436296" level="INFO">Current page contains text 'Please enter your last name!!'.</msg>
<arg>Please enter your last name!!</arg>
<doc>Verifies that current page contains ``text``.</doc>
<status status="PASS" start="2026-01-02T16:47:01.415176" elapsed="0.021273"/>
</kw>
<kw name="Close Browser" owner="SeleniumLibrary" type="TEARDOWN">
<doc>Closes the current browser.</doc>
<status status="PASS" start="2026-01-02T16:47:01.437447" elapsed="2.369771"/>
</kw>
<status status="PASS" start="2026-01-02T16:46:58.599891" elapsed="5.207616"/>
</test>
<test id="s1-t5" name="UAT-Lab04-002-06 Empty First Name And Last Name" line="36">
<kw name="Open Registration Page" owner="resource">
<kw name="Open Browser" owner="SeleniumLibrary">
<msg time="2026-01-02T16:47:03.809071" level="INFO">Opening browser 'chrome' to base url 'http://localhost:7272/Lab4/Registration.html'.</msg>
<arg>${URL}</arg>
<arg>${BROWSER}</arg>
<doc>Opens a new browser instance to the optional ``url``.</doc>
<status status="PASS" start="2026-01-02T16:47:03.808911" elapsed="1.911333"/>
</kw>
<kw name="Maximize Browser Window" owner="SeleniumLibrary">
<doc>Maximizes current browser window.</doc>
<status status="PASS" start="2026-01-02T16:47:05.720570" elapsed="0.044326"/>
</kw>
<status status="PASS" start="2026-01-02T16:47:03.808688" elapsed="1.956408"/>
</kw>
<kw name="Input Registration Data" owner="resource">
<kw name="Input Text" owner="SeleniumLibrary">
<msg time="2026-01-02T16:47:05.767254" level="INFO">Typing text '' into text field 'id=firstname'.</msg>
<arg>id=firstname</arg>
<arg>${fname}</arg>
<doc>Types the given ``text`` into the text field identified by ``locator``.</doc>
<status status="PASS" start="2026-01-02T16:47:05.766888" elapsed="0.151300"/>
</kw>
<kw name="Input Text" owner="SeleniumLibrary">
<msg time="2026-01-02T16:47:05.918856" level="INFO">Typing text '' into text field 'id=lastname'.</msg>
<arg>id=lastname</arg>
<arg>${lname}</arg>
<doc>Types the given ``text`` into the text field identified by ``locator``.</doc>
<status status="PASS" start="2026-01-02T16:47:05.918466" elapsed="0.096099"/>
</kw>
<kw name="Input Text" owner="SeleniumLibrary">
<msg time="2026-01-02T16:47:06.015184" level="INFO">Typing text 'CS KKU' into text field 'id=organization'.</msg>
<arg>id=organization</arg>
<arg>${org}</arg>
<doc>Types the given ``text`` into the text field identified by ``locator``.</doc>
<status status="PASS" start="2026-01-02T16:47:06.014826" elapsed="0.091704"/>
</kw>
<kw name="Input Text" owner="SeleniumLibrary">
<msg time="2026-01-02T16:47:06.107174" level="INFO">Typing text 'somyod@kkumail.com' into text field 'id=email'.</msg>
<arg>id=email</arg>
<arg>${email}</arg>
<doc>Types the given ``text`` into the text field identified by ``locator``.</doc>
<status status="PASS" start="2026-01-02T16:47:06.106797" elapsed="0.124523"/>
</kw>
<kw name="Input Text" owner="SeleniumLibrary">
<msg time="2026-01-02T16:47:06.233165" level="INFO">Typing text '091-001-1234' into text field 'id=phone'.</msg>
<arg>id=phone</arg>
<arg>${phone}</arg>
<doc>Types the given ``text`` into the text field identified by ``locator``.</doc>
<status status="PASS" start="2026-01-02T16:47:06.231993" elapsed="0.162413"/>
</kw>
<arg>${EMPTY}</arg>
<arg>${EMPTY}</arg>
<arg>CS KKU</arg>
<arg>somyod@kkumail.com</arg>
<arg>091-001-1234</arg>
<status status="PASS" start="2026-01-02T16:47:05.765553" elapsed="0.629155"/>
</kw>
<kw name="Submit Registration" owner="resource">
<kw name="Click Button" owner="SeleniumLibrary">
<msg time="2026-01-02T16:47:06.396100" level="INFO">Clicking button 'id=registerButton'.</msg>
<arg>id=registerButton</arg>
<doc>Clicks the button identified by ``locator``.</doc>
<status status="PASS" start="2026-01-02T16:47:06.395603" elapsed="0.118176"/>
</kw>
<status status="PASS" start="2026-01-02T16:47:06.395197" elapsed="0.118951"/>
</kw>
<kw name="Page Should Contain" owner="SeleniumLibrary">
<msg time="2026-01-02T16:47:06.536254" level="INFO">Current page contains text 'Please enter your name!!'.</msg>
<arg>Please enter your name!!</arg>
<doc>Verifies that current page contains ``text``.</doc>
<status status="PASS" start="2026-01-02T16:47:06.515135" elapsed="0.021352"/>
</kw>
<kw name="Close Browser" owner="SeleniumLibrary" type="TEARDOWN">
<doc>Closes the current browser.</doc>
<status status="PASS" start="2026-01-02T16:47:06.537041" elapsed="2.468281"/>
</kw>
<status status="PASS" start="2026-01-02T16:47:03.808275" elapsed="5.197912"/>
</test>
<test id="s1-t6" name="UAT-Lab04-002-03 Empty Email" line="43">
<kw name="Open Registration Page" owner="resource">
<kw name="Open Browser" owner="SeleniumLibrary">
<msg time="2026-01-02T16:47:09.008113" level="INFO">Opening browser 'chrome' to base url 'http://localhost:7272/Lab4/Registration.html'.</msg>
<arg>${URL}</arg>
<arg>${BROWSER}</arg>
<doc>Opens a new browser instance to the optional ``url``.</doc>
<status status="PASS" start="2026-01-02T16:47:09.007954" elapsed="1.783645"/>
</kw>
<kw name="Maximize Browser Window" owner="SeleniumLibrary">
<doc>Maximizes current browser window.</doc>
<status status="PASS" start="2026-01-02T16:47:10.792266" elapsed="0.054958"/>
</kw>
<status status="PASS" start="2026-01-02T16:47:09.007752" elapsed="1.839645"/>
</kw>
<kw name="Input Registration Data" owner="resource">
<kw name="Input Text" owner="SeleniumLibrary">
<msg time="2026-01-02T16:47:10.850307" level="INFO">Typing text 'Somyod' into text field 'id=firstname'.</msg>
<arg>id=firstname</arg>
<arg>${fname}</arg>
<doc>Types the given ``text`` into the text field identified by ``locator``.</doc>
<status status="PASS" start="2026-01-02T16:47:10.849580" elapsed="0.200542"/>
</kw>
<kw name="Input Text" owner="SeleniumLibrary">
<msg time="2026-01-02T16:47:11.051683" level="INFO">Typing text 'Sodsai' into text field 'id=lastname'.</msg>
<arg>id=lastname</arg>
<arg>${lname}</arg>
<doc>Types the given ``text`` into the text field identified by ``locator``.</doc>
<status status="PASS" start="2026-01-02T16:47:11.050600" elapsed="0.133993"/>
</kw>
<kw name="Input Text" owner="SeleniumLibrary">
<msg time="2026-01-02T16:47:11.186215" level="INFO">Typing text 'CS KKU' into text field 'id=organization'.</msg>
<arg>id=organization</arg>
<arg>${org}</arg>
<doc>Types the given ``text`` into the text field identified by ``locator``.</doc>
<status status="PASS" start="2026-01-02T16:47:11.184998" elapsed="0.160144"/>
</kw>
<kw name="Input Text" owner="SeleniumLibrary">
<msg time="2026-01-02T16:47:11.347159" level="INFO">Typing text '' into text field 'id=email'.</msg>
<arg>id=email</arg>
<arg>${email}</arg>
<doc>Types the given ``text`` into the text field identified by ``locator``.</doc>
<status status="PASS" start="2026-01-02T16:47:11.345846" elapsed="0.119053"/>
</kw>
<kw name="Input Text" owner="SeleniumLibrary">
<msg time="2026-01-02T16:47:11.466059" level="INFO">Typing text '091-001-1234' into text field 'id=phone'.</msg>
<arg>id=phone</arg>
<arg>${phone}</arg>
<doc>Types the given ``text`` into the text field identified by ``locator``.</doc>
<status status="PASS" start="2026-01-02T16:47:11.465357" elapsed="0.131492"/>
</kw>
<arg>Somyod</arg>
<arg>Sodsai</arg>
<arg>CS KKU</arg>
<arg>${EMPTY}</arg>
<arg>091-001-1234</arg>
<status status="PASS" start="2026-01-02T16:47:10.848052" elapsed="0.749054"/>
</kw>
<kw name="Submit Registration" owner="resource">
<kw name="Click Button" owner="SeleniumLibrary">
<msg time="2026-01-02T16:47:11.599657" level="INFO">Clicking button 'id=registerButton'.</msg>
<arg>id=registerButton</arg>
<doc>Clicks the button identified by ``locator``.</doc>
<status status="PASS" start="2026-01-02T16:47:11.599018" elapsed="0.116785"/>
</kw>
<status status="PASS" start="2026-01-02T16:47:11.598185" elapsed="0.117784"/>
</kw>
<kw name="Page Should Contain" owner="SeleniumLibrary">
<msg time="2026-01-02T16:47:11.730763" level="INFO">Current page contains text 'Please enter your email!!'.</msg>
<arg>Please enter your email!!</arg>
<doc>Verifies that current page contains ``text``.</doc>
<status status="PASS" start="2026-01-02T16:47:11.716238" elapsed="0.014780"/>
</kw>
<kw name="Close Browser" owner="SeleniumLibrary" type="TEARDOWN">
<doc>Closes the current browser.</doc>
<status status="PASS" start="2026-01-02T16:47:11.731493" elapsed="2.325281"/>
</kw>
<status status="PASS" start="2026-01-02T16:47:09.007423" elapsed="5.049611"/>
</test>
<test id="s1-t7" name="UAT-Lab04-002-05 Empty Phone Number" line="50">
<kw name="Open Registration Page" owner="resource">
<kw name="Open Browser" owner="SeleniumLibrary">
<msg time="2026-01-02T16:47:14.058438" level="INFO">Opening browser 'chrome' to base url 'http://localhost:7272/Lab4/Registration.html'.</msg>
<arg>${URL}</arg>
<arg>${BROWSER}</arg>
<doc>Opens a new browser instance to the optional ``url``.</doc>
<status status="PASS" start="2026-01-02T16:47:14.058287" elapsed="1.829861"/>
</kw>
<kw name="Maximize Browser Window" owner="SeleniumLibrary">
<doc>Maximizes current browser window.</doc>
<status status="PASS" start="2026-01-02T16:47:15.888348" elapsed="0.042149"/>
</kw>
<status status="PASS" start="2026-01-02T16:47:14.058084" elapsed="1.872683"/>
</kw>
<kw name="Input Registration Data" owner="resource">
<kw name="Input Text" owner="SeleniumLibrary">
<msg time="2026-01-02T16:47:15.932311" level="INFO">Typing text 'Somyod' into text field 'id=firstname'.</msg>
<arg>id=firstname</arg>
<arg>${fname}</arg>
<doc>Types the given ``text`` into the text field identified by ``locator``.</doc>
<status status="PASS" start="2026-01-02T16:47:15.932107" elapsed="0.130192"/>
</kw>
<kw name="Input Text" owner="SeleniumLibrary">
<msg time="2026-01-02T16:47:16.062867" level="INFO">Typing text 'Sodsai' into text field 'id=lastname'.</msg>
<arg>id=lastname</arg>
<arg>${lname}</arg>
<doc>Types the given ``text`` into the text field identified by ``locator``.</doc>
<status status="PASS" start="2026-01-02T16:47:16.062533" elapsed="0.106368"/>
</kw>
<kw name="Input Text" owner="SeleniumLibrary">
<msg time="2026-01-02T16:47:16.169719" level="INFO">Typing text 'CS KKU' into text field 'id=organization'.</msg>
<arg>id=organization</arg>
<arg>${org}</arg>
<doc>Types the given ``text`` into the text field identified by ``locator``.</doc>
<status status="PASS" start="2026-01-02T16:47:16.169176" elapsed="0.135386"/>
</kw>
<kw name="Input Text" owner="SeleniumLibrary">
<msg time="2026-01-02T16:47:16.305420" level="INFO">Typing text 'somyod@kkumail.com' into text field 'id=email'.</msg>
<arg>id=email</arg>
<arg>${email}</arg>
<doc>Types the given ``text`` into the text field identified by ``locator``.</doc>
<status status="PASS" start="2026-01-02T16:47:16.305035" elapsed="0.169918"/>
</kw>
<kw name="Input Text" owner="SeleniumLibrary">
<msg time="2026-01-02T16:47:16.476624" level="INFO">Typing text '' into text field 'id=phone'.</msg>
<arg>id=phone</arg>
<arg>${phone}</arg>
<doc>Types the given ``text`` into the text field identified by ``locator``.</doc>
<status status="PASS" start="2026-01-02T16:47:16.475735" elapsed="0.123653"/>
</kw>
<arg>Somyod</arg>
<arg>Sodsai</arg>
<arg>CS KKU</arg>
<arg>somyod@kkumail.com</arg>
<arg>${EMPTY}</arg>
<status status="PASS" start="2026-01-02T16:47:15.931415" elapsed="0.668293"/>
</kw>
<kw name="Submit Registration" owner="resource">
<kw name="Click Button" owner="SeleniumLibrary">
<msg time="2026-01-02T16:47:16.601147" level="INFO">Clicking button 'id=registerButton'.</msg>
<arg>id=registerButton</arg>
<doc>Clicks the button identified by ``locator``.</doc>
<status status="PASS" start="2026-01-02T16:47:16.600951" elapsed="0.110609"/>
</kw>
<status status="PASS" start="2026-01-02T16:47:16.600412" elapsed="0.111300"/>
</kw>
<kw name="Page Should Contain" owner="SeleniumLibrary">
<msg time="2026-01-02T16:47:16.732995" level="INFO">Current page contains text 'Please enter your phone number!!'.</msg>
<arg>Please enter your phone number!!</arg>
<doc>Verifies that current page contains ``text``.</doc>
<status status="PASS" start="2026-01-02T16:47:16.712463" elapsed="0.020701"/>
</kw>
<kw name="Close Browser" owner="SeleniumLibrary" type="TEARDOWN">
<doc>Closes the current browser.</doc>
<status status="PASS" start="2026-01-02T16:47:16.733922" elapsed="2.442317"/>
</kw>
<status status="PASS" start="2026-01-02T16:47:14.057749" elapsed="5.119047"/>
</test>
<test id="s1-t8" name="UAT-Lab04-002-04 Invalid Phone Number" line="57">
<kw name="Open Registration Page" owner="resource">
<kw name="Open Browser" owner="SeleniumLibrary">
<msg time="2026-01-02T16:47:19.178928" level="INFO">Opening browser 'chrome' to base url 'http://localhost:7272/Lab4/Registration.html'.</msg>
<arg>${URL}</arg>
<arg>${BROWSER}</arg>
<doc>Opens a new browser instance to the optional ``url``.</doc>
<status status="PASS" start="2026-01-02T16:47:19.178542" elapsed="1.816763"/>
</kw>
<kw name="Maximize Browser Window" owner="SeleniumLibrary">
<doc>Maximizes current browser window.</doc>
<status status="PASS" start="2026-01-02T16:47:20.996099" elapsed="0.053603"/>
</kw>
<status status="PASS" start="2026-01-02T16:47:19.178093" elapsed="1.871872"/>
</kw>
<kw name="Input Registration Data" owner="resource">
<kw name="Input Text" owner="SeleniumLibrary">
<msg time="2026-01-02T16:47:21.052969" level="INFO">Typing text 'Somyod' into text field 'id=firstname'.</msg>
<arg>id=firstname</arg>
<arg>${fname}</arg>
<doc>Types the given ``text`` into the text field identified by ``locator``.</doc>
<status status="PASS" start="2026-01-02T16:47:21.052008" elapsed="0.159571"/>
</kw>
<kw name="Input Text" owner="SeleniumLibrary">
<msg time="2026-01-02T16:47:21.213214" level="INFO">Typing text 'Sodsai' into text field 'id=lastname'.</msg>
<arg>id=lastname</arg>
<arg>${lname}</arg>
<doc>Types the given ``text`` into the text field identified by ``locator``.</doc>
<status status="PASS" start="2026-01-02T16:47:21.212453" elapsed="0.145159"/>
</kw>
<kw name="Input Text" owner="SeleniumLibrary">
<msg time="2026-01-02T16:47:21.358698" level="INFO">Typing text 'CS KKU' into text field 'id=organization'.</msg>
<arg>id=organization</arg>
<arg>${org}</arg>
<doc>Types the given ``text`` into the text field identified by ``locator``.</doc>
<status status="PASS" start="2026-01-02T16:47:21.358147" elapsed="0.148623"/>
</kw>
<kw name="Input Text" owner="SeleniumLibrary">
<msg time="2026-01-02T16:47:21.508666" level="INFO">Typing text 'somyod@kkumail.com' into text field 'id=email'.</msg>
<arg>id=email</arg>
<arg>${email}</arg>
<doc>Types the given ``text`` into the text field identified by ``locator``.</doc>
<status status="PASS" start="2026-01-02T16:47:21.507506" elapsed="0.185238"/>
</kw>
<kw name="Input Text" owner="SeleniumLibrary">
<msg time="2026-01-02T16:47:21.693465" level="INFO">Typing text '1234' into text field 'id=phone'.</msg>
<arg>id=phone</arg>
<arg>${phone}</arg>
<doc>Types the given ``text`` into the text field identified by ``locator``.</doc>
<status status="PASS" start="2026-01-02T16:47:21.693019" elapsed="0.066549"/>
</kw>
<arg>Somyod</arg>
<arg>Sodsai</arg>
<arg>CS KKU</arg>
<arg>somyod@kkumail.com</arg>
<arg>1234</arg>
<status status="PASS" start="2026-01-02T16:47:21.051195" elapsed="0.708562"/>
</kw>
<kw name="Submit Registration" owner="resource">
<kw name="Click Button" owner="SeleniumLibrary">
<msg time="2026-01-02T16:47:21.760840" level="INFO">Clicking button 'id=registerButton'.</msg>
<arg>id=registerButton</arg>
<doc>Clicks the button identified by ``locator``.</doc>
<status status="PASS" start="2026-01-02T16:47:21.760564" elapsed="0.069262"/>
</kw>
<status status="PASS" start="2026-01-02T16:47:21.760227" elapsed="0.069727"/>
</kw>
<kw name="Page Should Contain" owner="SeleniumLibrary">
<msg time="2026-01-02T16:47:21.841845" level="INFO">Current page contains text 'Please enter a valid phone number!!'.</msg>
<arg>Please enter a valid phone number!!</arg>
<doc>Verifies that current page contains ``text``.</doc>
<status status="PASS" start="2026-01-02T16:47:21.830311" elapsed="0.011710"/>
</kw>
<kw name="Close Browser" owner="SeleniumLibrary" type="TEARDOWN">
<doc>Closes the current browser.</doc>
<status status="PASS" start="2026-01-02T16:47:21.842664" elapsed="2.417671"/>
</kw>
<status status="PASS" start="2026-01-02T16:47:19.177327" elapsed="5.083558"/>
</test>
<status status="PASS" start="2026-01-02T16:46:41.191259" elapsed="43.070687"/>
</suite>
<statistics>
<total>
<stat pass="8" fail="0" skip="0">All Tests</stat>
</total>
<tag>
</tag>
<suite>
<stat name="Registration" id="s1" pass="8" fail="0" skip="0">Registration</stat>
</suite>
</statistics>
<errors>
</errors>
</robot>
